22:30:08.775 [main] TRACE org.testng.internal.Graph - [Graph] =============== DONE SORTING
22:30:08.783 [main] TRACE org.testng.internal.Graph - [Graph] ====== SORTED NODES
22:30:08.783 [main] TRACE org.testng.internal.Graph - [Graph] ====== END SORTED NODES
22:30:08.795 [main] TRACE org.testng.internal.Graph - [Graph] ADDING NODE TC001_AccountRegistrationTest.verify_account_registration()[pri:0, instance:testCases.TC001_AccountRegistrationTest@7a560583] 2053231317
22:30:08.796 [main] TRACE org.testng.internal.Graph - [Graph] ADDING NODE TC002_LoginTest.login()[pri:0, instance:testCases.TC002_LoginTest@4d722ac9] 920364287
22:30:08.796 [main] TRACE org.testng.internal.Graph - [Graph] ================ SORTING
22:30:08.802 [main] TRACE org.testng.internal.Graph - [Graph] =============== DONE SORTING
22:30:08.802 [main] TRACE org.testng.internal.Graph - [Graph] ====== SORTED NODES
22:30:08.802 [main] TRACE org.testng.internal.Graph - [Graph] ====== END SORTED NODES
22:30:08.818 [main] INFO  org.testng.internal.Utils - [TestNG] Running:
  F:\JavaPrograms\OpencartV1\grouping.xml

22:30:13.376 [main] INFO  testCases.TC001_AccountRegistrationTest - *****Starting TC001_AccountRegistrationTest.java  ******
22:30:13.598 [main] INFO  testCases.TC001_AccountRegistrationTest - *****Clicked on My Account  ******
22:30:14.206 [main] INFO  testCases.TC001_AccountRegistrationTest - *****Providing Customer Details ******
22:30:20.425 [main] INFO  testCases.TC002_LoginTest - *******Starting TC002_Login*******
22:30:35.834 [main] TRACE org.testng.internal.Graph - [Graph] ADDING NODE TC001_AccountRegistrationTest.verify_account_registration()[pri:0, instance:testCases.TC001_AccountRegistrationTest@7a560583] 2053231317
22:30:35.835 [main] TRACE org.testng.internal.Graph - [Graph] ADDING NODE TC002_LoginTest.login()[pri:0, instance:testCases.TC002_LoginTest@4d722ac9] 920364287
22:30:35.835 [main] TRACE org.testng.internal.Graph - [Graph] ================ SORTING
22:30:35.839 [main] TRACE org.testng.internal.Graph - [Graph] =============== DONE SORTING
22:30:35.839 [main] TRACE org.testng.internal.Graph - [Graph] ====== SORTED NODES
22:30:35.840 [main] TRACE org.testng.internal.Graph - [Graph] ====== END SORTED NODES
22:41:18.450 [main] DEBUG org.testng.TestNG - suiteXmlPath: "F:\JavaPrograms\OpencartV1\grouping.xml"
22:41:19.022 [main] TRACE org.testng.internal.Graph - [Graph] ADDING NODE BaseClass.setup(java.lang.String,java.lang.String)[pri:0, instance:null] 1285819254
22:41:19.023 [main] TRACE org.testng.internal.Graph - [Graph] ================ SORTING
22:41:19.034 [main] TRACE org.testng.internal.Graph - [Graph] =============== DONE SORTING
22:41:19.034 [main] TRACE org.testng.internal.Graph - [Graph] ====== SORTED NODES
22:41:19.034 [main] TRACE org.testng.internal.Graph - [Graph] ====== END SORTED NODES
22:41:19.037 [main] TRACE org.testng.internal.Graph - [Graph] ADDING NODE BaseClass.tearDown()[pri:0, instance:null] -689247443
22:41:19.038 [main] TRACE org.testng.internal.Graph - [Graph] ================ SORTING
22:41:19.038 [main] TRACE org.testng.internal.Graph - [Graph] =============== DONE SORTING
22:41:19.038 [main] TRACE org.testng.internal.Graph - [Graph] ====== SORTED NODES
22:41:19.038 [main] TRACE org.testng.internal.Graph - [Graph] ====== END SORTED NODES
22:41:19.071 [main] TRACE org.testng.internal.Graph - [Graph] ADDING NODE BaseClass.setup(java.lang.String,java.lang.String)[pri:0, instance:null] 1285819254
22:41:19.071 [main] TRACE org.testng.internal.Graph - [Graph] ================ SORTING
22:41:19.072 [main] TRACE org.testng.internal.Graph - [Graph] =============== DONE SORTING
22:41:19.072 [main] TRACE org.testng.internal.Graph - [Graph] ====== SORTED NODES
22:41:19.072 [main] TRACE org.testng.internal.Graph - [Graph] ====== END SORTED NODES
22:41:19.074 [main] TRACE org.testng.internal.Graph - [Graph] ADDING NODE BaseClass.tearDown()[pri:0, instance:null] -689247443
22:41:19.074 [main] TRACE org.testng.internal.Graph - [Graph] ================ SORTING
22:41:19.075 [main] TRACE org.testng.internal.Graph - [Graph] =============== DONE SORTING
22:41:19.075 [main] TRACE org.testng.internal.Graph - [Graph] ====== SORTED NODES
22:41:19.075 [main] TRACE org.testng.internal.Graph - [Graph] ====== END SORTED NODES
22:41:19.087 [main] TRACE org.testng.internal.Graph - [Graph] ADDING NODE BaseClass.setup(java.lang.String,java.lang.String)[pri:0, instance:null] 1285819254
22:41:19.088 [main] TRACE org.testng.internal.Graph - [Graph] ================ SORTING
22:41:19.088 [main] TRACE org.testng.internal.Graph - [Graph] =============== DONE SORTING
22:41:19.088 [main] TRACE org.testng.internal.Graph - [Graph] ====== SORTED NODES
22:41:19.088 [main] TRACE org.testng.internal.Graph - [Graph] ====== END SORTED NODES
22:41:19.091 [main] TRACE org.testng.internal.Graph - [Graph] ADDING NODE BaseClass.tearDown()[pri:0, instance:null] -689247443
22:41:19.091 [main] TRACE org.testng.internal.Graph - [Graph] ================ SORTING
22:41:19.091 [main] TRACE org.testng.internal.Graph - [Graph] =============== DONE SORTING
22:41:19.091 [main] TRACE org.testng.internal.Graph - [Graph] ====== SORTED NODES
22:41:19.092 [main] TRACE org.testng.internal.Graph - [Graph] ====== END SORTED NODES
22:41:19.106 [main] TRACE org.testng.internal.Graph - [Graph] ADDING NODE TC001_AccountRegistrationTest.verify_account_registration()[pri:0, instance:testCases.TC001_AccountRegistrationTest@4d722ac9] 1300101147
22:41:19.106 [main] TRACE org.testng.internal.Graph - [Graph] ADDING NODE TC002_LoginTest.login()[pri:0, instance:testCases.TC002_LoginTest@53f0a4cb] 1029316353
22:41:19.106 [main] TRACE org.testng.internal.Graph - [Graph] ================ SORTING
22:41:19.114 [main] TRACE org.testng.internal.Graph - [Graph] =============== DONE SORTING
22:41:19.114 [main] TRACE org.testng.internal.Graph - [Graph] ====== SORTED NODES
22:41:19.114 [main] TRACE org.testng.internal.Graph - [Graph] ====== END SORTED NODES
22:41:19.136 [main] INFO  org.testng.internal.Utils - [TestNG] Running:
  F:\JavaPrograms\OpencartV1\grouping.xml

22:41:24.055 [main] INFO  testCases.TC001_AccountRegistrationTest - *****Starting TC001_AccountRegistrationTest.java  ******
22:41:24.288 [main] INFO  testCases.TC001_AccountRegistrationTest - *****Clicked on My Account  ******
22:41:24.913 [main] INFO  testCases.TC001_AccountRegistrationTest - *****Providing Customer Details ******
22:41:30.720 [main] INFO  testCases.TC002_LoginTest - *******Starting TC002_Login*******
22:41:46.967 [main] TRACE org.testng.internal.Graph - [Graph] ADDING NODE TC001_AccountRegistrationTest.verify_account_registration()[pri:0, instance:testCases.TC001_AccountRegistrationTest@4d722ac9] 1300101147
22:41:46.967 [main] TRACE org.testng.internal.Graph - [Graph] ADDING NODE TC002_LoginTest.login()[pri:0, instance:testCases.TC002_LoginTest@53f0a4cb] 1029316353
22:41:46.967 [main] TRACE org.testng.internal.Graph - [Graph] ================ SORTING
22:41:46.970 [main] TRACE org.testng.internal.Graph - [Graph] =============== DONE SORTING
22:41:46.970 [main] TRACE org.testng.internal.Graph - [Graph] ====== SORTED NODES
22:41:46.970 [main] TRACE org.testng.internal.Graph - [Graph] ====== END SORTED NODES
22:43:33.897 [main] DEBUG org.testng.TestNG - suiteXmlPath: "F:\JavaPrograms\OpencartV1\grouping.xml"
22:43:34.409 [main] TRACE org.testng.internal.Graph - [Graph] ADDING NODE BaseClass.setup(java.lang.String,java.lang.String)[pri:0, instance:null] 1285819254
22:43:34.411 [main] TRACE org.testng.internal.Graph - [Graph] ================ SORTING
22:43:34.418 [main] TRACE org.testng.internal.Graph - [Graph] =============== DONE SORTING
22:43:34.418 [main] TRACE org.testng.internal.Graph - [Graph] ====== SORTED NODES
22:43:34.418 [main] TRACE org.testng.internal.Graph - [Graph] ====== END SORTED NODES
22:43:34.422 [main] TRACE org.testng.internal.Graph - [Graph] ADDING NODE BaseClass.tearDown()[pri:0, instance:null] -689247443
22:43:34.422 [main] TRACE org.testng.internal.Graph - [Graph] ================ SORTING
22:43:34.423 [main] TRACE org.testng.internal.Graph - [Graph] =============== DONE SORTING
22:43:35.586 [main] TRACE org.testng.internal.Graph - [Graph] ====== SORTED NODES
22:43:35.586 [main] TRACE org.testng.internal.Graph - [Graph] ====== END SORTED NODES
22:43:35.626 [main] TRACE org.testng.internal.Graph - [Graph] ADDING NODE BaseClass.setup(java.lang.String,java.lang.String)[pri:0, instance:null] 1285819254
22:43:35.626 [main] TRACE org.testng.internal.Graph - [Graph] ================ SORTING
22:43:35.626 [main] TRACE org.testng.internal.Graph - [Graph] =============== DONE SORTING
22:43:35.627 [main] TRACE org.testng.internal.Graph - [Graph] ====== SORTED NODES
22:43:35.628 [main] TRACE org.testng.internal.Graph - [Graph] ====== END SORTED NODES
22:43:35.631 [main] TRACE org.testng.internal.Graph - [Graph] ADDING NODE BaseClass.tearDown()[pri:0, instance:null] -689247443
22:43:35.631 [main] TRACE org.testng.internal.Graph - [Graph] ================ SORTING
22:43:35.632 [main] TRACE org.testng.internal.Graph - [Graph] =============== DONE SORTING
22:43:35.632 [main] TRACE org.testng.internal.Graph - [Graph] ====== SORTED NODES
22:43:35.632 [main] TRACE org.testng.internal.Graph - [Graph] ====== END SORTED NODES
22:43:35.647 [main] TRACE org.testng.internal.Graph - [Graph] ADDING NODE BaseClass.setup(java.lang.String,java.lang.String)[pri:0, instance:null] 1285819254
22:43:35.647 [main] TRACE org.testng.internal.Graph - [Graph] ================ SORTING
22:43:35.647 [main] TRACE org.testng.internal.Graph - [Graph] =============== DONE SORTING
22:43:35.648 [main] TRACE org.testng.internal.Graph - [Graph] ====== SORTED NODES
22:43:35.648 [main] TRACE org.testng.internal.Graph - [Graph] ====== END SORTED NODES
22:43:35.651 [main] TRACE org.testng.internal.Graph - [Graph] ADDING NODE BaseClass.tearDown()[pri:0, instance:null] -689247443
22:43:35.651 [main] TRACE org.testng.internal.Graph - [Graph] ================ SORTING
22:43:35.652 [main] TRACE org.testng.internal.Graph - [Graph] =============== DONE SORTING
22:43:35.653 [main] TRACE org.testng.internal.Graph - [Graph] ====== SORTED NODES
22:43:35.653 [main] TRACE org.testng.internal.Graph - [Graph] ====== END SORTED NODES
22:43:35.666 [main] TRACE org.testng.internal.Graph - [Graph] ADDING NODE TC001_AccountRegistrationTest.verify_account_registration()[pri:0, instance:testCases.TC001_AccountRegistrationTest@424ebba3] 1113229557
22:43:35.667 [main] TRACE org.testng.internal.Graph - [Graph] ADDING NODE TC002_LoginTest.login()[pri:0, instance:testCases.TC002_LoginTest@37052337] 544120173
22:43:35.667 [main] TRACE org.testng.internal.Graph - [Graph] ================ SORTING
22:43:35.674 [main] TRACE org.testng.internal.Graph - [Graph] =============== DONE SORTING
22:43:35.674 [main] TRACE org.testng.internal.Graph - [Graph] ====== SORTED NODES
22:43:35.674 [main] TRACE org.testng.internal.Graph - [Graph] ====== END SORTED NODES
22:43:35.692 [main] INFO  org.testng.internal.Utils - [TestNG] Running:
  F:\JavaPrograms\OpencartV1\grouping.xml

22:43:39.958 [main] INFO  testCases.TC001_AccountRegistrationTest - *****Starting TC001_AccountRegistrationTest.java  ******
22:43:40.150 [main] INFO  testCases.TC001_AccountRegistrationTest - *****Clicked on My Account  ******
22:43:40.679 [main] INFO  testCases.TC001_AccountRegistrationTest - *****Providing Customer Details ******
22:43:46.528 [main] INFO  testCases.TC002_LoginTest - *******Starting TC002_Login*******
22:44:03.850 [main] TRACE org.testng.internal.Graph - [Graph] ADDING NODE TC001_AccountRegistrationTest.verify_account_registration()[pri:0, instance:testCases.TC001_AccountRegistrationTest@424ebba3] 1113229557
22:44:03.852 [main] TRACE org.testng.internal.Graph - [Graph] ADDING NODE TC002_LoginTest.login()[pri:0, instance:testCases.TC002_LoginTest@37052337] 544120173
22:44:03.852 [main] TRACE org.testng.internal.Graph - [Graph] ================ SORTING
22:44:03.853 [main] TRACE org.testng.internal.Graph - [Graph] =============== DONE SORTING
22:44:03.853 [main] TRACE org.testng.internal.Graph - [Graph] ====== SORTED NODES
22:44:03.853 [main] TRACE org.testng.internal.Graph - [Graph] ====== END SORTED NODES
22:45:34.821 [main] DEBUG org.testng.TestNG - suiteXmlPath: "F:\JavaPrograms\OpencartV1\grouping.xml"
22:45:35.338 [main] TRACE org.testng.internal.Graph - [Graph] ADDING NODE BaseClass.setup(java.lang.String,java.lang.String)[pri:0, instance:null] 1285819254
22:45:35.339 [main] TRACE org.testng.internal.Graph - [Graph] ================ SORTING
22:45:35.346 [main] TRACE org.testng.internal.Graph - [Graph] =============== DONE SORTING
22:45:35.346 [main] TRACE org.testng.internal.Graph - [Graph] ====== SORTED NODES
22:45:35.346 [main] TRACE org.testng.internal.Graph - [Graph] ====== END SORTED NODES
22:45:35.351 [main] TRACE org.testng.internal.Graph - [Graph] ADDING NODE BaseClass.tearDown()[pri:0, instance:null] -689247443
22:45:35.351 [main] TRACE org.testng.internal.Graph - [Graph] ================ SORTING
22:45:35.352 [main] TRACE org.testng.internal.Graph - [Graph] =============== DONE SORTING
22:45:35.352 [main] TRACE org.testng.internal.Graph - [Graph] ====== SORTED NODES
22:45:35.352 [main] TRACE org.testng.internal.Graph - [Graph] ====== END SORTED NODES
22:45:35.380 [main] TRACE org.testng.internal.Graph - [Graph] ADDING NODE BaseClass.setup(java.lang.String,java.lang.String)[pri:0, instance:null] 1285819254
22:45:35.380 [main] TRACE org.testng.internal.Graph - [Graph] ================ SORTING
22:45:35.381 [main] TRACE org.testng.internal.Graph - [Graph] =============== DONE SORTING
22:45:35.381 [main] TRACE org.testng.internal.Graph - [Graph] ====== SORTED NODES
22:45:35.381 [main] TRACE org.testng.internal.Graph - [Graph] ====== END SORTED NODES
22:45:35.383 [main] TRACE org.testng.internal.Graph - [Graph] ADDING NODE BaseClass.tearDown()[pri:0, instance:null] -689247443
22:45:35.383 [main] TRACE org.testng.internal.Graph - [Graph] ================ SORTING
22:45:35.384 [main] TRACE org.testng.internal.Graph - [Graph] =============== DONE SORTING
22:45:35.384 [main] TRACE org.testng.internal.Graph - [Graph] ====== SORTED NODES
22:45:35.384 [main] TRACE org.testng.internal.Graph - [Graph] ====== END SORTED NODES
22:45:35.395 [main] TRACE org.testng.internal.Graph - [Graph] ADDING NODE BaseClass.setup(java.lang.String,java.lang.String)[pri:0, instance:null] 1285819254
22:45:35.396 [main] TRACE org.testng.internal.Graph - [Graph] ================ SORTING
22:45:35.396 [main] TRACE org.testng.internal.Graph - [Graph] =============== DONE SORTING
22:45:35.396 [main] TRACE org.testng.internal.Graph - [Graph] ====== SORTED NODES
22:45:35.396 [main] TRACE org.testng.internal.Graph - [Graph] ====== END SORTED NODES
22:45:35.399 [main] TRACE org.testng.internal.Graph - [Graph] ADDING NODE BaseClass.tearDown()[pri:0, instance:null] -689247443
22:45:35.399 [main] TRACE org.testng.internal.Graph - [Graph] ================ SORTING
22:45:35.400 [main] TRACE org.testng.internal.Graph - [Graph] =============== DONE SORTING
22:45:35.400 [main] TRACE org.testng.internal.Graph - [Graph] ====== SORTED NODES
22:45:35.400 [main] TRACE org.testng.internal.Graph - [Graph] ====== END SORTED NODES
22:45:35.413 [main] TRACE org.testng.internal.Graph - [Graph] ADDING NODE TC001_AccountRegistrationTest.verify_account_registration()[pri:0, instance:testCases.TC001_AccountRegistrationTest@7a560583] 2053231317
22:45:35.414 [main] TRACE org.testng.internal.Graph - [Graph] ADDING NODE TC002_LoginTest.login()[pri:0, instance:testCases.TC002_LoginTest@4d722ac9] 920364287
22:45:35.414 [main] TRACE org.testng.internal.Graph - [Graph] ================ SORTING
22:45:35.421 [main] TRACE org.testng.internal.Graph - [Graph] =============== DONE SORTING
22:45:35.422 [main] TRACE org.testng.internal.Graph - [Graph] ====== SORTED NODES
22:45:35.422 [main] TRACE org.testng.internal.Graph - [Graph] ====== END SORTED NODES
22:45:35.440 [main] INFO  org.testng.internal.Utils - [TestNG] Running:
  F:\JavaPrograms\OpencartV1\grouping.xml

22:45:39.663 [main] INFO  testCases.TC001_AccountRegistrationTest - *****Starting TC001_AccountRegistrationTest.java  ******
22:45:39.951 [main] INFO  testCases.TC001_AccountRegistrationTest - *****Clicked on My Account  ******
22:45:40.497 [main] INFO  testCases.TC001_AccountRegistrationTest - *****Providing Customer Details ******
22:45:46.461 [main] INFO  testCases.TC002_LoginTest - *******Starting TC002_Login*******
22:51:57.336 [main] DEBUG org.testng.TestNG - suiteXmlPath: "F:\JavaPrograms\OpencartV1\grouping.xml"
22:51:57.914 [main] TRACE org.testng.internal.Graph - [Graph] ADDING NODE BaseClass.setup(java.lang.String,java.lang.String)[pri:0, instance:null] 1285819254
22:51:57.915 [main] TRACE org.testng.internal.Graph - [Graph] ================ SORTING
22:51:57.928 [main] TRACE org.testng.internal.Graph - [Graph] =============== DONE SORTING
22:51:57.928 [main] TRACE org.testng.internal.Graph - [Graph] ====== SORTED NODES
22:51:57.928 [main] TRACE org.testng.internal.Graph - [Graph] ====== END SORTED NODES
22:51:57.939 [main] TRACE org.testng.internal.Graph - [Graph] ADDING NODE BaseClass.tearDown()[pri:0, instance:null] -689247443
22:51:57.939 [main] TRACE org.testng.internal.Graph - [Graph] ================ SORTING
22:51:57.939 [main] TRACE org.testng.internal.Graph - [Graph] =============== DONE SORTING
22:51:57.940 [main] TRACE org.testng.internal.Graph - [Graph] ====== SORTED NODES
22:51:57.940 [main] TRACE org.testng.internal.Graph - [Graph] ====== END SORTED NODES
22:51:57.968 [main] TRACE org.testng.internal.Graph - [Graph] ADDING NODE BaseClass.setup(java.lang.String,java.lang.String)[pri:0, instance:null] 1285819254
22:51:57.969 [main] TRACE org.testng.internal.Graph - [Graph] ================ SORTING
22:51:57.969 [main] TRACE org.testng.internal.Graph - [Graph] =============== DONE SORTING
22:51:57.970 [main] TRACE org.testng.internal.Graph - [Graph] ====== SORTED NODES
22:51:57.970 [main] TRACE org.testng.internal.Graph - [Graph] ====== END SORTED NODES
22:51:57.973 [main] TRACE org.testng.internal.Graph - [Graph] ADDING NODE BaseClass.tearDown()[pri:0, instance:null] -689247443
22:51:57.973 [main] TRACE org.testng.internal.Graph - [Graph] ================ SORTING
22:51:57.974 [main] TRACE org.testng.internal.Graph - [Graph] =============== DONE SORTING
22:51:57.974 [main] TRACE org.testng.internal.Graph - [Graph] ====== SORTED NODES
22:51:57.974 [main] TRACE org.testng.internal.Graph - [Graph] ====== END SORTED NODES
22:51:57.988 [main] TRACE org.testng.internal.Graph - [Graph] ADDING NODE BaseClass.setup(java.lang.String,java.lang.String)[pri:0, instance:null] 1285819254
22:51:57.988 [main] TRACE org.testng.internal.Graph - [Graph] ================ SORTING
22:51:57.988 [main] TRACE org.testng.internal.Graph - [Graph] =============== DONE SORTING
22:51:57.989 [main] TRACE org.testng.internal.Graph - [Graph] ====== SORTED NODES
22:51:57.989 [main] TRACE org.testng.internal.Graph - [Graph] ====== END SORTED NODES
22:51:57.991 [main] TRACE org.testng.internal.Graph - [Graph] ADDING NODE BaseClass.tearDown()[pri:0, instance:null] -689247443
22:51:57.992 [main] TRACE org.testng.internal.Graph - [Graph] ================ SORTING
22:51:57.992 [main] TRACE org.testng.internal.Graph - [Graph] =============== DONE SORTING
22:51:57.992 [main] TRACE org.testng.internal.Graph - [Graph] ====== SORTED NODES
22:51:57.992 [main] TRACE org.testng.internal.Graph - [Graph] ====== END SORTED NODES
22:51:58.008 [main] TRACE org.testng.internal.Graph - [Graph] ADDING NODE TC001_AccountRegistrationTest.verify_account_registration()[pri:0, instance:testCases.TC001_AccountRegistrationTest@7a560583] 2053231317
22:51:58.008 [main] TRACE org.testng.internal.Graph - [Graph] ADDING NODE TC002_LoginTest.login()[pri:0, instance:testCases.TC002_LoginTest@4d722ac9] 920364287
22:51:58.008 [main] TRACE org.testng.internal.Graph - [Graph] ================ SORTING
22:51:58.018 [main] TRACE org.testng.internal.Graph - [Graph] =============== DONE SORTING
22:51:58.018 [main] TRACE org.testng.internal.Graph - [Graph] ====== SORTED NODES
22:51:58.018 [main] TRACE org.testng.internal.Graph - [Graph] ====== END SORTED NODES
22:51:58.035 [main] INFO  org.testng.internal.Utils - [TestNG] Running:
  F:\JavaPrograms\OpencartV1\grouping.xml

22:52:02.615 [main] INFO  testCases.TC001_AccountRegistrationTest - *****Starting TC001_AccountRegistrationTest.java  ******
22:52:02.826 [main] INFO  testCases.TC001_AccountRegistrationTest - *****Clicked on My Account  ******
22:52:03.510 [main] INFO  testCases.TC001_AccountRegistrationTest - *****Providing Customer Details ******
22:52:09.136 [main] INFO  testCases.TC002_LoginTest - *******Starting TC002_Login*******
22:53:48.119 [main] DEBUG org.testng.TestNG - suiteXmlPath: "F:\JavaPrograms\OpencartV1\grouping.xml"
22:53:48.714 [main] TRACE org.testng.internal.Graph - [Graph] ADDING NODE BaseClass.setup(java.lang.String,java.lang.String)[pri:0, instance:null] 1285819254
22:53:48.715 [main] TRACE org.testng.internal.Graph - [Graph] ================ SORTING
22:53:48.724 [main] TRACE org.testng.internal.Graph - [Graph] =============== DONE SORTING
22:53:48.724 [main] TRACE org.testng.internal.Graph - [Graph] ====== SORTED NODES
22:53:48.724 [main] TRACE org.testng.internal.Graph - [Graph] ====== END SORTED NODES
22:53:48.728 [main] TRACE org.testng.internal.Graph - [Graph] ADDING NODE BaseClass.tearDown()[pri:0, instance:null] -689247443
22:53:48.728 [main] TRACE org.testng.internal.Graph - [Graph] ================ SORTING
22:53:48.730 [main] TRACE org.testng.internal.Graph - [Graph] =============== DONE SORTING
22:53:48.730 [main] TRACE org.testng.internal.Graph - [Graph] ====== SORTED NODES
22:53:48.730 [main] TRACE org.testng.internal.Graph - [Graph] ====== END SORTED NODES
22:53:48.757 [main] TRACE org.testng.internal.Graph - [Graph] ADDING NODE BaseClass.setup(java.lang.String,java.lang.String)[pri:0, instance:null] 1285819254
22:53:48.757 [main] TRACE org.testng.internal.Graph - [Graph] ================ SORTING
22:53:48.758 [main] TRACE org.testng.internal.Graph - [Graph] =============== DONE SORTING
22:53:48.758 [main] TRACE org.testng.internal.Graph - [Graph] ====== SORTED NODES
22:53:48.758 [main] TRACE org.testng.internal.Graph - [Graph] ====== END SORTED NODES
22:53:48.761 [main] TRACE org.testng.internal.Graph - [Graph] ADDING NODE BaseClass.tearDown()[pri:0, instance:null] -689247443
22:53:48.761 [main] TRACE org.testng.internal.Graph - [Graph] ================ SORTING
22:53:48.762 [main] TRACE org.testng.internal.Graph - [Graph] =============== DONE SORTING
22:53:48.762 [main] TRACE org.testng.internal.Graph - [Graph] ====== SORTED NODES
22:53:48.763 [main] TRACE org.testng.internal.Graph - [Graph] ====== END SORTED NODES
22:53:48.773 [main] TRACE org.testng.internal.Graph - [Graph] ADDING NODE BaseClass.setup(java.lang.String,java.lang.String)[pri:0, instance:null] 1285819254
22:53:48.773 [main] TRACE org.testng.internal.Graph - [Graph] ================ SORTING
22:53:48.774 [main] TRACE org.testng.internal.Graph - [Graph] =============== DONE SORTING
22:53:48.774 [main] TRACE org.testng.internal.Graph - [Graph] ====== SORTED NODES
22:53:48.774 [main] TRACE org.testng.internal.Graph - [Graph] ====== END SORTED NODES
22:53:48.777 [main] TRACE org.testng.internal.Graph - [Graph] ADDING NODE BaseClass.tearDown()[pri:0, instance:null] -689247443
22:53:48.777 [main] TRACE org.testng.internal.Graph - [Graph] ================ SORTING
22:53:48.777 [main] TRACE org.testng.internal.Graph - [Graph] =============== DONE SORTING
22:53:48.778 [main] TRACE org.testng.internal.Graph - [Graph] ====== SORTED NODES
22:53:48.778 [main] TRACE org.testng.internal.Graph - [Graph] ====== END SORTED NODES
22:53:48.792 [main] TRACE org.testng.internal.Graph - [Graph] ADDING NODE TC001_AccountRegistrationTest.verify_account_registration()[pri:0, instance:testCases.TC001_AccountRegistrationTest@4d722ac9] 1300101147
22:53:48.792 [main] TRACE org.testng.internal.Graph - [Graph] ADDING NODE TC002_LoginTest.login()[pri:0, instance:testCases.TC002_LoginTest@53f0a4cb] 1029316353
22:53:48.792 [main] TRACE org.testng.internal.Graph - [Graph] ================ SORTING
22:53:48.802 [main] TRACE org.testng.internal.Graph - [Graph] =============== DONE SORTING
22:53:48.802 [main] TRACE org.testng.internal.Graph - [Graph] ====== SORTED NODES
22:53:48.802 [main] TRACE org.testng.internal.Graph - [Graph] ====== END SORTED NODES
22:53:48.819 [main] INFO  org.testng.internal.Utils - [TestNG] Running:
  F:\JavaPrograms\OpencartV1\grouping.xml

22:53:53.152 [main] INFO  testCases.TC001_AccountRegistrationTest - *****Starting TC001_AccountRegistrationTest.java  ******
22:53:53.376 [main] INFO  testCases.TC001_AccountRegistrationTest - *****Clicked on My Account  ******
22:53:53.887 [main] INFO  testCases.TC001_AccountRegistrationTest - *****Providing Customer Details ******
22:53:59.712 [main] INFO  testCases.TC002_LoginTest - *******Starting TC002_Login*******
23:06:35.998 [main] DEBUG org.testng.TestNG - suiteXmlPath: "F:\JavaPrograms\OpencartV1\grouping.xml"
23:06:36.580 [main] TRACE org.testng.internal.Graph - [Graph] ADDING NODE BaseClass.setup(java.lang.String,java.lang.String)[pri:0, instance:null] 1285819254
23:06:36.581 [main] TRACE org.testng.internal.Graph - [Graph] ================ SORTING
23:06:36.589 [main] TRACE org.testng.internal.Graph - [Graph] =============== DONE SORTING
23:06:36.589 [main] TRACE org.testng.internal.Graph - [Graph] ====== SORTED NODES
23:06:36.589 [main] TRACE org.testng.internal.Graph - [Graph] ====== END SORTED NODES
23:06:36.594 [main] TRACE org.testng.internal.Graph - [Graph] ADDING NODE BaseClass.tearDown()[pri:0, instance:null] -689247443
23:06:36.594 [main] TRACE org.testng.internal.Graph - [Graph] ================ SORTING
23:06:36.594 [main] TRACE org.testng.internal.Graph - [Graph] =============== DONE SORTING
23:06:36.595 [main] TRACE org.testng.internal.Graph - [Graph] ====== SORTED NODES
23:06:36.595 [main] TRACE org.testng.internal.Graph - [Graph] ====== END SORTED NODES
23:06:36.624 [main] TRACE org.testng.internal.Graph - [Graph] ADDING NODE BaseClass.setup(java.lang.String,java.lang.String)[pri:0, instance:null] 1285819254
23:06:36.625 [main] TRACE org.testng.internal.Graph - [Graph] ================ SORTING
23:06:36.625 [main] TRACE org.testng.internal.Graph - [Graph] =============== DONE SORTING
23:06:36.625 [main] TRACE org.testng.internal.Graph - [Graph] ====== SORTED NODES
23:06:36.625 [main] TRACE org.testng.internal.Graph - [Graph] ====== END SORTED NODES
23:06:36.629 [main] TRACE org.testng.internal.Graph - [Graph] ADDING NODE BaseClass.tearDown()[pri:0, instance:null] -689247443
23:06:36.629 [main] TRACE org.testng.internal.Graph - [Graph] ================ SORTING
23:06:36.629 [main] TRACE org.testng.internal.Graph - [Graph] =============== DONE SORTING
23:06:36.630 [main] TRACE org.testng.internal.Graph - [Graph] ====== SORTED NODES
23:06:36.630 [main] TRACE org.testng.internal.Graph - [Graph] ====== END SORTED NODES
23:06:36.648 [main] TRACE org.testng.internal.Graph - [Graph] ADDING NODE BaseClass.setup(java.lang.String,java.lang.String)[pri:0, instance:null] 1285819254
23:06:36.648 [main] TRACE org.testng.internal.Graph - [Graph] ================ SORTING
23:06:36.648 [main] TRACE org.testng.internal.Graph - [Graph] =============== DONE SORTING
23:06:36.648 [main] TRACE org.testng.internal.Graph - [Graph] ====== SORTED NODES
23:06:36.649 [main] TRACE org.testng.internal.Graph - [Graph] ====== END SORTED NODES
23:06:36.651 [main] TRACE org.testng.internal.Graph - [Graph] ADDING NODE BaseClass.tearDown()[pri:0, instance:null] -689247443
23:06:36.652 [main] TRACE org.testng.internal.Graph - [Graph] ================ SORTING
23:06:36.652 [main] TRACE org.testng.internal.Graph - [Graph] =============== DONE SORTING
23:06:36.652 [main] TRACE org.testng.internal.Graph - [Graph] ====== SORTED NODES
23:06:36.652 [main] TRACE org.testng.internal.Graph - [Graph] ====== END SORTED NODES
23:06:36.666 [main] TRACE org.testng.internal.Graph - [Graph] ADDING NODE TC001_AccountRegistrationTest.verify_account_registration()[pri:0, instance:testCases.TC001_AccountRegistrationTest@7a560583] 2053231317
23:06:36.666 [main] TRACE org.testng.internal.Graph - [Graph] ADDING NODE TC002_LoginTest.login()[pri:0, instance:testCases.TC002_LoginTest@4d722ac9] 920364287
23:06:36.667 [main] TRACE org.testng.internal.Graph - [Graph] ================ SORTING
23:06:36.675 [main] TRACE org.testng.internal.Graph - [Graph] =============== DONE SORTING
23:06:36.675 [main] TRACE org.testng.internal.Graph - [Graph] ====== SORTED NODES
23:06:36.675 [main] TRACE org.testng.internal.Graph - [Graph] ====== END SORTED NODES
23:06:36.695 [main] INFO  org.testng.internal.Utils - [TestNG] Running:
  F:\JavaPrograms\OpencartV1\grouping.xml

23:06:41.603 [main] INFO  testCases.TC001_AccountRegistrationTest - *****Starting TC001_AccountRegistrationTest.java  ******
23:06:41.817 [main] INFO  testCases.TC001_AccountRegistrationTest - *****Clicked on My Account  ******
23:06:42.316 [main] INFO  testCases.TC001_AccountRegistrationTest - *****Providing Customer Details ******
23:06:48.026 [main] INFO  testCases.TC002_LoginTest - *******Starting TC002_Login*******
23:07:01.845 [main] TRACE org.testng.internal.Graph - [Graph] ADDING NODE TC001_AccountRegistrationTest.verify_account_registration()[pri:0, instance:testCases.TC001_AccountRegistrationTest@7a560583] 2053231317
23:07:01.847 [main] TRACE org.testng.internal.Graph - [Graph] ADDING NODE TC002_LoginTest.login()[pri:0, instance:testCases.TC002_LoginTest@4d722ac9] 920364287
23:07:01.847 [main] TRACE org.testng.internal.Graph - [Graph] ================ SORTING
23:07:01.848 [main] TRACE org.testng.internal.Graph - [Graph] =============== DONE SORTING
23:07:01.848 [main] TRACE org.testng.internal.Graph - [Graph] ====== SORTED NODES
23:07:01.849 [main] TRACE org.testng.internal.Graph - [Graph] ====== END SORTED NODES
23:10:49.850 [main] DEBUG org.testng.TestNG - suiteXmlPath: "F:\JavaPrograms\OpencartV1\grouping.xml"
23:10:50.932 [main] TRACE org.testng.internal.Graph - [Graph] ADDING NODE BaseClass.setup(java.lang.String,java.lang.String)[pri:0, instance:null] 1285819254
23:10:50.934 [main] TRACE org.testng.internal.Graph - [Graph] ================ SORTING
23:10:50.941 [main] TRACE org.testng.internal.Graph - [Graph] =============== DONE SORTING
23:10:50.941 [main] TRACE org.testng.internal.Graph - [Graph] ====== SORTED NODES
23:10:50.941 [main] TRACE org.testng.internal.Graph - [Graph] ====== END SORTED NODES
23:10:50.946 [main] TRACE org.testng.internal.Graph - [Graph] ADDING NODE BaseClass.tearDown()[pri:0, instance:null] -689247443
23:10:50.946 [main] TRACE org.testng.internal.Graph - [Graph] ================ SORTING
23:10:50.947 [main] TRACE org.testng.internal.Graph - [Graph] =============== DONE SORTING
23:10:50.947 [main] TRACE org.testng.internal.Graph - [Graph] ====== SORTED NODES
23:10:50.947 [main] TRACE org.testng.internal.Graph - [Graph] ====== END SORTED NODES
23:10:50.975 [main] TRACE org.testng.internal.Graph - [Graph] ADDING NODE BaseClass.setup(java.lang.String,java.lang.String)[pri:0, instance:null] 1285819254
23:10:50.975 [main] TRACE org.testng.internal.Graph - [Graph] ================ SORTING
23:10:50.975 [main] TRACE org.testng.internal.Graph - [Graph] =============== DONE SORTING
23:10:50.975 [main] TRACE org.testng.internal.Graph - [Graph] ====== SORTED NODES
23:10:50.975 [main] TRACE org.testng.internal.Graph - [Graph] ====== END SORTED NODES
23:10:50.979 [main] TRACE org.testng.internal.Graph - [Graph] ADDING NODE BaseClass.tearDown()[pri:0, instance:null] -689247443
23:10:50.979 [main] TRACE org.testng.internal.Graph - [Graph] ================ SORTING
23:10:50.980 [main] TRACE org.testng.internal.Graph - [Graph] =============== DONE SORTING
23:10:50.980 [main] TRACE org.testng.internal.Graph - [Graph] ====== SORTED NODES
23:10:50.980 [main] TRACE org.testng.internal.Graph - [Graph] ====== END SORTED NODES
23:10:50.993 [main] TRACE org.testng.internal.Graph - [Graph] ADDING NODE BaseClass.setup(java.lang.String,java.lang.String)[pri:0, instance:null] 1285819254
23:10:50.994 [main] TRACE org.testng.internal.Graph - [Graph] ================ SORTING
23:10:50.994 [main] TRACE org.testng.internal.Graph - [Graph] =============== DONE SORTING
23:10:50.994 [main] TRACE org.testng.internal.Graph - [Graph] ====== SORTED NODES
23:10:50.994 [main] TRACE org.testng.internal.Graph - [Graph] ====== END SORTED NODES
23:10:51.000 [main] TRACE org.testng.internal.Graph - [Graph] ADDING NODE BaseClass.tearDown()[pri:0, instance:null] -689247443
23:10:51.000 [main] TRACE org.testng.internal.Graph - [Graph] ================ SORTING
23:10:51.000 [main] TRACE org.testng.internal.Graph - [Graph] =============== DONE SORTING
23:10:51.001 [main] TRACE org.testng.internal.Graph - [Graph] ====== SORTED NODES
23:10:51.001 [main] TRACE org.testng.internal.Graph - [Graph] ====== END SORTED NODES
23:10:51.019 [main] TRACE org.testng.internal.Graph - [Graph] ADDING NODE TC001_AccountRegistrationTest.verify_account_registration()[pri:0, instance:testCases.TC001_AccountRegistrationTest@7a560583] 2053231317
23:10:51.020 [main] TRACE org.testng.internal.Graph - [Graph] ADDING NODE TC002_LoginTest.login()[pri:0, instance:testCases.TC002_LoginTest@4d722ac9] 920364287
23:10:51.020 [main] TRACE org.testng.internal.Graph - [Graph] ================ SORTING
23:10:51.026 [main] TRACE org.testng.internal.Graph - [Graph] =============== DONE SORTING
23:10:51.027 [main] TRACE org.testng.internal.Graph - [Graph] ====== SORTED NODES
23:10:51.027 [main] TRACE org.testng.internal.Graph - [Graph] ====== END SORTED NODES
23:10:51.052 [main] INFO  org.testng.internal.Utils - [TestNG] Running:
  F:\JavaPrograms\OpencartV1\grouping.xml

23:10:56.589 [main] INFO  testCases.TC001_AccountRegistrationTest - *****Starting TC001_AccountRegistrationTest.java  ******
23:10:56.856 [main] INFO  testCases.TC001_AccountRegistrationTest - *****Clicked on My Account  ******
23:10:57.581 [main] INFO  testCases.TC001_AccountRegistrationTest - *****Providing Customer Details ******
23:11:04.495 [main] INFO  testCases.TC002_LoginTest - *******Starting TC002_Login*******
23:11:20.508 [main] TRACE org.testng.internal.Graph - [Graph] ADDING NODE TC001_AccountRegistrationTest.verify_account_registration()[pri:0, instance:testCases.TC001_AccountRegistrationTest@7a560583] 2053231317
23:11:20.509 [main] TRACE org.testng.internal.Graph - [Graph] ADDING NODE TC002_LoginTest.login()[pri:0, instance:testCases.TC002_LoginTest@4d722ac9] 920364287
23:11:20.509 [main] TRACE org.testng.internal.Graph - [Graph] ================ SORTING
23:11:20.510 [main] TRACE org.testng.internal.Graph - [Graph] =============== DONE SORTING
23:11:20.510 [main] TRACE org.testng.internal.Graph - [Graph] ====== SORTED NODES
23:11:20.510 [main] TRACE org.testng.internal.Graph - [Graph] ====== END SORTED NODES
23:14:55.939 [main] DEBUG org.testng.TestNG - suiteXmlPath: "F:\JavaPrograms\OpencartV1\grouping.xml"
23:14:56.527 [main] TRACE org.testng.internal.Graph - [Graph] ADDING NODE BaseClass.setup(java.lang.String,java.lang.String)[pri:0, instance:null] 1285819254
23:14:56.528 [main] TRACE org.testng.internal.Graph - [Graph] ================ SORTING
23:14:56.538 [main] TRACE org.testng.internal.Graph - [Graph] =============== DONE SORTING
23:14:56.538 [main] TRACE org.testng.internal.Graph - [Graph] ====== SORTED NODES
23:14:56.538 [main] TRACE org.testng.internal.Graph - [Graph] ====== END SORTED NODES
23:14:56.542 [main] TRACE org.testng.internal.Graph - [Graph] ADDING NODE BaseClass.tearDown()[pri:0, instance:null] -689247443
23:14:56.542 [main] TRACE org.testng.internal.Graph - [Graph] ================ SORTING
23:14:56.543 [main] TRACE org.testng.internal.Graph - [Graph] =============== DONE SORTING
23:14:56.543 [main] TRACE org.testng.internal.Graph - [Graph] ====== SORTED NODES
23:14:56.543 [main] TRACE org.testng.internal.Graph - [Graph] ====== END SORTED NODES
23:14:56.573 [main] TRACE org.testng.internal.Graph - [Graph] ADDING NODE BaseClass.setup(java.lang.String,java.lang.String)[pri:0, instance:null] 1285819254
23:14:56.573 [main] TRACE org.testng.internal.Graph - [Graph] ================ SORTING
23:14:56.574 [main] TRACE org.testng.internal.Graph - [Graph] =============== DONE SORTING
23:14:56.574 [main] TRACE org.testng.internal.Graph - [Graph] ====== SORTED NODES
23:14:56.574 [main] TRACE org.testng.internal.Graph - [Graph] ====== END SORTED NODES
23:14:56.577 [main] TRACE org.testng.internal.Graph - [Graph] ADDING NODE BaseClass.tearDown()[pri:0, instance:null] -689247443
23:14:56.577 [main] TRACE org.testng.internal.Graph - [Graph] ================ SORTING
23:14:56.578 [main] TRACE org.testng.internal.Graph - [Graph] =============== DONE SORTING
23:14:56.578 [main] TRACE org.testng.internal.Graph - [Graph] ====== SORTED NODES
23:14:56.578 [main] TRACE org.testng.internal.Graph - [Graph] ====== END SORTED NODES
23:14:56.588 [main] TRACE org.testng.internal.Graph - [Graph] ADDING NODE BaseClass.setup(java.lang.String,java.lang.String)[pri:0, instance:null] 1285819254
23:14:56.589 [main] TRACE org.testng.internal.Graph - [Graph] ================ SORTING
23:14:56.589 [main] TRACE org.testng.internal.Graph - [Graph] =============== DONE SORTING
23:14:56.589 [main] TRACE org.testng.internal.Graph - [Graph] ====== SORTED NODES
23:14:56.589 [main] TRACE org.testng.internal.Graph - [Graph] ====== END SORTED NODES
23:14:56.591 [main] TRACE org.testng.internal.Graph - [Graph] ADDING NODE BaseClass.tearDown()[pri:0, instance:null] -689247443
23:14:56.592 [main] TRACE org.testng.internal.Graph - [Graph] ================ SORTING
23:14:56.592 [main] TRACE org.testng.internal.Graph - [Graph] =============== DONE SORTING
23:14:56.592 [main] TRACE org.testng.internal.Graph - [Graph] ====== SORTED NODES
23:14:56.592 [main] TRACE org.testng.internal.Graph - [Graph] ====== END SORTED NODES
23:14:56.606 [main] TRACE org.testng.internal.Graph - [Graph] ADDING NODE TC001_AccountRegistrationTest.verify_account_registration()[pri:0, instance:testCases.TC001_AccountRegistrationTest@7a560583] 2053231317
23:14:56.606 [main] TRACE org.testng.internal.Graph - [Graph] ADDING NODE TC002_LoginTest.login()[pri:0, instance:testCases.TC002_LoginTest@4d722ac9] 920364287
23:14:56.606 [main] TRACE org.testng.internal.Graph - [Graph] ================ SORTING
23:14:56.614 [main] TRACE org.testng.internal.Graph - [Graph] =============== DONE SORTING
23:14:56.614 [main] TRACE org.testng.internal.Graph - [Graph] ====== SORTED NODES
23:14:56.614 [main] TRACE org.testng.internal.Graph - [Graph] ====== END SORTED NODES
23:14:56.632 [main] INFO  org.testng.internal.Utils - [TestNG] Running:
  F:\JavaPrograms\OpencartV1\grouping.xml

23:15:01.028 [main] INFO  testCases.TC001_AccountRegistrationTest - *****Starting TC001_AccountRegistrationTest.java  ******
23:15:01.240 [main] INFO  testCases.TC001_AccountRegistrationTest - *****Clicked on My Account  ******
23:15:02.360 [main] INFO  testCases.TC001_AccountRegistrationTest - *****Providing Customer Details ******
23:15:09.330 [main] INFO  testCases.TC002_LoginTest - *******Starting TC002_Login*******
23:15:23.833 [main] TRACE org.testng.internal.Graph - [Graph] ADDING NODE TC001_AccountRegistrationTest.verify_account_registration()[pri:0, instance:testCases.TC001_AccountRegistrationTest@7a560583] 2053231317
23:15:23.834 [main] TRACE org.testng.internal.Graph - [Graph] ADDING NODE TC002_LoginTest.login()[pri:0, instance:testCases.TC002_LoginTest@4d722ac9] 920364287
23:15:23.834 [main] TRACE org.testng.internal.Graph - [Graph] ================ SORTING
23:15:23.835 [main] TRACE org.testng.internal.Graph - [Graph] =============== DONE SORTING
23:15:23.835 [main] TRACE org.testng.internal.Graph - [Graph] ====== SORTED NODES
23:15:23.836 [main] TRACE org.testng.internal.Graph - [Graph] ====== END SORTED NODES
23:16:51.822 [main] DEBUG org.testng.TestNG - suiteXmlPath: "F:\JavaPrograms\OpencartV1\grouping.xml"
23:16:52.574 [main] TRACE org.testng.internal.Graph - [Graph] ADDING NODE BaseClass.setup(java.lang.String,java.lang.String)[pri:0, instance:null] 1285819254
23:16:52.575 [main] TRACE org.testng.internal.Graph - [Graph] ================ SORTING
23:16:52.582 [main] TRACE org.testng.internal.Graph - [Graph] =============== DONE SORTING
23:16:52.583 [main] TRACE org.testng.internal.Graph - [Graph] ====== SORTED NODES
23:16:52.583 [main] TRACE org.testng.internal.Graph - [Graph] ====== END SORTED NODES
23:16:52.586 [main] TRACE org.testng.internal.Graph - [Graph] ADDING NODE BaseClass.tearDown()[pri:0, instance:null] -689247443
23:16:52.587 [main] TRACE org.testng.internal.Graph - [Graph] ================ SORTING
23:16:52.587 [main] TRACE org.testng.internal.Graph - [Graph] =============== DONE SORTING
23:16:52.587 [main] TRACE org.testng.internal.Graph - [Graph] ====== SORTED NODES
23:16:52.587 [main] TRACE org.testng.internal.Graph - [Graph] ====== END SORTED NODES
23:16:52.621 [main] TRACE org.testng.internal.Graph - [Graph] ADDING NODE BaseClass.setup(java.lang.String,java.lang.String)[pri:0, instance:null] 1285819254
23:16:52.621 [main] TRACE org.testng.internal.Graph - [Graph] ================ SORTING
23:16:52.622 [main] TRACE org.testng.internal.Graph - [Graph] =============== DONE SORTING
23:16:52.622 [main] TRACE org.testng.internal.Graph - [Graph] ====== SORTED NODES
23:16:52.622 [main] TRACE org.testng.internal.Graph - [Graph] ====== END SORTED NODES
23:16:52.629 [main] TRACE org.testng.internal.Graph - [Graph] ADDING NODE BaseClass.tearDown()[pri:0, instance:null] -689247443
23:16:52.629 [main] TRACE org.testng.internal.Graph - [Graph] ================ SORTING
23:16:52.629 [main] TRACE org.testng.internal.Graph - [Graph] =============== DONE SORTING
23:16:52.630 [main] TRACE org.testng.internal.Graph - [Graph] ====== SORTED NODES
23:16:52.630 [main] TRACE org.testng.internal.Graph - [Graph] ====== END SORTED NODES
23:16:52.643 [main] TRACE org.testng.internal.Graph - [Graph] ADDING NODE BaseClass.setup(java.lang.String,java.lang.String)[pri:0, instance:null] 1285819254
23:16:52.643 [main] TRACE org.testng.internal.Graph - [Graph] ================ SORTING
23:16:52.644 [main] TRACE org.testng.internal.Graph - [Graph] =============== DONE SORTING
23:16:52.644 [main] TRACE org.testng.internal.Graph - [Graph] ====== SORTED NODES
23:16:52.644 [main] TRACE org.testng.internal.Graph - [Graph] ====== END SORTED NODES
23:16:52.647 [main] TRACE org.testng.internal.Graph - [Graph] ADDING NODE BaseClass.tearDown()[pri:0, instance:null] -689247443
23:16:52.647 [main] TRACE org.testng.internal.Graph - [Graph] ================ SORTING
23:16:52.647 [main] TRACE org.testng.internal.Graph - [Graph] =============== DONE SORTING
23:16:52.648 [main] TRACE org.testng.internal.Graph - [Graph] ====== SORTED NODES
23:16:52.648 [main] TRACE org.testng.internal.Graph - [Graph] ====== END SORTED NODES
23:16:52.663 [main] TRACE org.testng.internal.Graph - [Graph] ADDING NODE TC001_AccountRegistrationTest.verify_account_registration()[pri:0, instance:testCases.TC001_AccountRegistrationTest@4d722ac9] 1300101147
23:16:52.663 [main] TRACE org.testng.internal.Graph - [Graph] ADDING NODE TC002_LoginTest.login()[pri:0, instance:testCases.TC002_LoginTest@53f0a4cb] 1029316353
23:16:52.663 [main] TRACE org.testng.internal.Graph - [Graph] ================ SORTING
23:16:52.671 [main] TRACE org.testng.internal.Graph - [Graph] =============== DONE SORTING
23:16:52.671 [main] TRACE org.testng.internal.Graph - [Graph] ====== SORTED NODES
23:16:52.671 [main] TRACE org.testng.internal.Graph - [Graph] ====== END SORTED NODES
23:16:52.692 [main] INFO  org.testng.internal.Utils - [TestNG] Running:
  F:\JavaPrograms\OpencartV1\grouping.xml

23:16:58.025 [main] INFO  testCases.TC001_AccountRegistrationTest - *****Starting TC001_AccountRegistrationTest.java  ******
23:16:59.987 [main] INFO  testCases.TC001_AccountRegistrationTest - *****Clicked on My Account  ******
23:17:00.803 [main] INFO  testCases.TC001_AccountRegistrationTest - *****Providing Customer Details ******
23:17:07.301 [main] INFO  testCases.TC002_LoginTest - *******Starting TC002_Login*******
23:17:21.984 [main] TRACE org.testng.internal.Graph - [Graph] ADDING NODE TC001_AccountRegistrationTest.verify_account_registration()[pri:0, instance:testCases.TC001_AccountRegistrationTest@4d722ac9] 1300101147
23:17:21.984 [main] TRACE org.testng.internal.Graph - [Graph] ADDING NODE TC002_LoginTest.login()[pri:0, instance:testCases.TC002_LoginTest@53f0a4cb] 1029316353
23:17:21.987 [main] TRACE org.testng.internal.Graph - [Graph] ================ SORTING
23:17:21.988 [main] TRACE org.testng.internal.Graph - [Graph] =============== DONE SORTING
23:17:21.988 [main] TRACE org.testng.internal.Graph - [Graph] ====== SORTED NODES
23:17:21.988 [main] TRACE org.testng.internal.Graph - [Graph] ====== END SORTED NODES
23:20:54.008 [main] DEBUG org.testng.TestNG - suiteXmlPath: "F:\JavaPrograms\OpencartV1\grouping.xml"
23:20:54.748 [main] TRACE org.testng.internal.Graph - [Graph] ADDING NODE BaseClass.setup(java.lang.String,java.lang.String)[pri:0, instance:null] 1285819254
23:20:54.750 [main] TRACE org.testng.internal.Graph - [Graph] ================ SORTING
23:20:54.759 [main] TRACE org.testng.internal.Graph - [Graph] =============== DONE SORTING
23:20:54.759 [main] TRACE org.testng.internal.Graph - [Graph] ====== SORTED NODES
23:20:54.759 [main] TRACE org.testng.internal.Graph - [Graph] ====== END SORTED NODES
23:20:54.765 [main] TRACE org.testng.internal.Graph - [Graph] ADDING NODE BaseClass.tearDown()[pri:0, instance:null] -689247443
23:20:54.765 [main] TRACE org.testng.internal.Graph - [Graph] ================ SORTING
23:20:54.765 [main] TRACE org.testng.internal.Graph - [Graph] =============== DONE SORTING
23:20:54.766 [main] TRACE org.testng.internal.Graph - [Graph] ====== SORTED NODES
23:20:54.766 [main] TRACE org.testng.internal.Graph - [Graph] ====== END SORTED NODES
23:20:54.816 [main] TRACE org.testng.internal.Graph - [Graph] ADDING NODE BaseClass.setup(java.lang.String,java.lang.String)[pri:0, instance:null] 1285819254
23:20:54.816 [main] TRACE org.testng.internal.Graph - [Graph] ================ SORTING
23:20:54.816 [main] TRACE org.testng.internal.Graph - [Graph] =============== DONE SORTING
23:20:54.816 [main] TRACE org.testng.internal.Graph - [Graph] ====== SORTED NODES
23:20:54.817 [main] TRACE org.testng.internal.Graph - [Graph] ====== END SORTED NODES
23:20:54.820 [main] TRACE org.testng.internal.Graph - [Graph] ADDING NODE BaseClass.tearDown()[pri:0, instance:null] -689247443
23:20:54.820 [main] TRACE org.testng.internal.Graph - [Graph] ================ SORTING
23:20:54.820 [main] TRACE org.testng.internal.Graph - [Graph] =============== DONE SORTING
23:20:54.821 [main] TRACE org.testng.internal.Graph - [Graph] ====== SORTED NODES
23:20:54.821 [main] TRACE org.testng.internal.Graph - [Graph] ====== END SORTED NODES
23:20:54.833 [main] TRACE org.testng.internal.Graph - [Graph] ADDING NODE BaseClass.setup(java.lang.String,java.lang.String)[pri:0, instance:null] 1285819254
23:20:54.833 [main] TRACE org.testng.internal.Graph - [Graph] ================ SORTING
23:20:54.834 [main] TRACE org.testng.internal.Graph - [Graph] =============== DONE SORTING
23:20:54.834 [main] TRACE org.testng.internal.Graph - [Graph] ====== SORTED NODES
23:20:54.834 [main] TRACE org.testng.internal.Graph - [Graph] ====== END SORTED NODES
23:20:54.846 [main] TRACE org.testng.internal.Graph - [Graph] ADDING NODE BaseClass.tearDown()[pri:0, instance:null] -689247443
23:20:54.846 [main] TRACE org.testng.internal.Graph - [Graph] ================ SORTING
23:20:54.847 [main] TRACE org.testng.internal.Graph - [Graph] =============== DONE SORTING
23:20:54.848 [main] TRACE org.testng.internal.Graph - [Graph] ====== SORTED NODES
23:20:54.848 [main] TRACE org.testng.internal.Graph - [Graph] ====== END SORTED NODES
23:20:54.869 [main] TRACE org.testng.internal.Graph - [Graph] ADDING NODE TC001_AccountRegistrationTest.verify_account_registration()[pri:0, instance:testCases.TC001_AccountRegistrationTest@7a560583] 2053231317
23:20:54.870 [main] TRACE org.testng.internal.Graph - [Graph] ADDING NODE TC002_LoginTest.login()[pri:0, instance:testCases.TC002_LoginTest@4d722ac9] 920364287
23:20:54.870 [main] TRACE org.testng.internal.Graph - [Graph] ================ SORTING
23:20:54.879 [main] TRACE org.testng.internal.Graph - [Graph] =============== DONE SORTING
23:20:54.880 [main] TRACE org.testng.internal.Graph - [Graph] ====== SORTED NODES
23:20:54.880 [main] TRACE org.testng.internal.Graph - [Graph] ====== END SORTED NODES
23:20:54.906 [main] INFO  org.testng.internal.Utils - [TestNG] Running:
  F:\JavaPrograms\OpencartV1\grouping.xml

23:21:01.182 [main] INFO  testCases.TC001_AccountRegistrationTest - *****Starting TC001_AccountRegistrationTest.java  ******
23:21:01.438 [main] INFO  testCases.TC001_AccountRegistrationTest - *****Clicked on My Account  ******
23:21:02.025 [main] INFO  testCases.TC001_AccountRegistrationTest - *****Providing Customer Details ******
23:21:08.337 [main] INFO  testCases.TC002_LoginTest - *******Starting TC002_Login*******
23:21:22.397 [main] TRACE org.testng.internal.Graph - [Graph] ADDING NODE TC001_AccountRegistrationTest.verify_account_registration()[pri:0, instance:testCases.TC001_AccountRegistrationTest@7a560583] 2053231317
