13:44:55.417 [main] INFO  testCases.TC001_AccountRegistrationTest - *****Starting TC001_AccountRegistrationTest.java  ******
13:44:55.791 [main] INFO  testCases.TC001_AccountRegistrationTest - *****Clicked on My Account  ******
13:44:56.628 [main] INFO  testCases.TC001_AccountRegistrationTest - *****Providing Customer Details ******
13:45:05.389 [main] INFO  testCases.TC002_LoginTest - *******Starting TC002_Login*******
13:45:08.280 [main] INFO  testCases.TC002_LoginTest - ********* TC002_LoginTest Completed*********
13:45:24.342 [main] INFO  testCases.TC001_AccountRegistrationTest - *****Starting TC001_AccountRegistrationTest.java  ******
13:45:24.891 [main] INFO  testCases.TC001_AccountRegistrationTest - *****Clicked on My Account  ******
13:45:25.913 [main] INFO  testCases.TC001_AccountRegistrationTest - *****Providing Customer Details ******
13:45:37.506 [main] INFO  testCases.TC002_LoginTest - *******Starting TC002_Login*******
13:45:39.938 [main] INFO  testCases.TC002_LoginTest - ********* TC002_LoginTest Completed*********
13:46:17.513 [main] DEBUG org.testng.TestNG - suiteXmlPath: "F:\JavaPrograms\OpencartV1\master.xml"
13:46:17.971 [main] TRACE org.testng.internal.Graph - [Graph] ADDING NODE BaseClass.setup(java.lang.String,java.lang.String)[pri:0, instance:null] 1285819254
13:46:17.972 [main] TRACE org.testng.internal.Graph - [Graph] ================ SORTING
13:46:17.983 [main] TRACE org.testng.internal.Graph - [Graph] =============== DONE SORTING
13:46:17.983 [main] TRACE org.testng.internal.Graph - [Graph] ====== SORTED NODES
13:46:17.984 [main] TRACE org.testng.internal.Graph - [Graph] ====== END SORTED NODES
13:46:17.989 [main] TRACE org.testng.internal.Graph - [Graph] ADDING NODE BaseClass.tearDown()[pri:0, instance:null] -689247443
13:46:17.989 [main] TRACE org.testng.internal.Graph - [Graph] ================ SORTING
13:46:17.990 [main] TRACE org.testng.internal.Graph - [Graph] =============== DONE SORTING
13:46:17.990 [main] TRACE org.testng.internal.Graph - [Graph] ====== SORTED NODES
13:46:17.990 [main] TRACE org.testng.internal.Graph - [Graph] ====== END SORTED NODES
13:46:18.036 [main] TRACE org.testng.internal.Graph - [Graph] ADDING NODE BaseClass.setup(java.lang.String,java.lang.String)[pri:0, instance:null] 1285819254
13:46:18.037 [main] TRACE org.testng.internal.Graph - [Graph] ================ SORTING
13:46:18.037 [main] TRACE org.testng.internal.Graph - [Graph] =============== DONE SORTING
13:46:18.037 [main] TRACE org.testng.internal.Graph - [Graph] ====== SORTED NODES
13:46:18.038 [main] TRACE org.testng.internal.Graph - [Graph] ====== END SORTED NODES
13:46:18.041 [main] TRACE org.testng.internal.Graph - [Graph] ADDING NODE BaseClass.tearDown()[pri:0, instance:null] -689247443
13:46:18.041 [main] TRACE org.testng.internal.Graph - [Graph] ================ SORTING
13:46:18.042 [main] TRACE org.testng.internal.Graph - [Graph] =============== DONE SORTING
13:46:18.042 [main] TRACE org.testng.internal.Graph - [Graph] ====== SORTED NODES
13:46:18.042 [main] TRACE org.testng.internal.Graph - [Graph] ====== END SORTED NODES
13:46:18.057 [main] TRACE org.testng.internal.Graph - [Graph] ADDING NODE BaseClass.setup(java.lang.String,java.lang.String)[pri:0, instance:null] 1285819254
13:46:18.069 [main] TRACE org.testng.internal.Graph - [Graph] ================ SORTING
13:46:18.070 [main] TRACE org.testng.internal.Graph - [Graph] =============== DONE SORTING
13:46:18.070 [main] TRACE org.testng.internal.Graph - [Graph] ====== SORTED NODES
13:46:18.070 [main] TRACE org.testng.internal.Graph - [Graph] ====== END SORTED NODES
13:46:18.074 [main] TRACE org.testng.internal.Graph - [Graph] ADDING NODE BaseClass.tearDown()[pri:0, instance:null] -689247443
13:46:18.074 [main] TRACE org.testng.internal.Graph - [Graph] ================ SORTING
13:46:18.075 [main] TRACE org.testng.internal.Graph - [Graph] =============== DONE SORTING
13:46:18.075 [main] TRACE org.testng.internal.Graph - [Graph] ====== SORTED NODES
13:46:18.075 [main] TRACE org.testng.internal.Graph - [Graph] ====== END SORTED NODES
13:46:18.092 [main] TRACE org.testng.internal.Graph - [Graph] ADDING NODE TC001_AccountRegistrationTest.verify_account_registration()[pri:0, instance:testCases.TC001_AccountRegistrationTest@46268f08] 1177705562
13:46:18.092 [main] TRACE org.testng.internal.Graph - [Graph] ADDING NODE TC002_LoginTest.login()[pri:0, instance:testCases.TC002_LoginTest@2a76840c] 333446722
13:46:18.093 [main] TRACE org.testng.internal.Graph - [Graph] ================ SORTING
13:46:18.102 [main] TRACE org.testng.internal.Graph - [Graph] =============== DONE SORTING
13:46:18.102 [main] TRACE org.testng.internal.Graph - [Graph] ====== SORTED NODES
13:46:18.102 [main] TRACE org.testng.internal.Graph - [Graph] ====== END SORTED NODES
13:52:21.638 [main] TRACE org.testng.internal.Graph - [Graph] ADDING NODE TC001_AccountRegistrationTest.verify_account_registration()[pri:0, instance:testCases.TC001_AccountRegistrationTest@46268f08] 1177705562
13:52:21.641 [main] TRACE org.testng.internal.Graph - [Graph] ADDING NODE TC002_LoginTest.login()[pri:0, instance:testCases.TC002_LoginTest@2a76840c] 333446722
13:52:21.646 [main] TRACE org.testng.internal.Graph - [Graph] ================ SORTING
13:52:21.651 [main] TRACE org.testng.internal.Graph - [Graph] =============== DONE SORTING
13:52:21.653 [main] TRACE org.testng.internal.Graph - [Graph] ====== SORTED NODES
13:52:21.653 [main] TRACE org.testng.internal.Graph - [Graph] ====== END SORTED NODES
14:05:45.830 [main] DEBUG org.testng.TestNG - suiteXmlPath: "F:\JavaPrograms\OpencartV1\master.xml"
14:05:46.599 [main] TRACE org.testng.internal.Graph - [Graph] ADDING NODE BaseClass.setup(java.lang.String,java.lang.String)[pri:0, instance:null] 1285819254
14:05:46.601 [main] TRACE org.testng.internal.Graph - [Graph] ================ SORTING
14:05:46.612 [main] TRACE org.testng.internal.Graph - [Graph] =============== DONE SORTING
14:05:46.612 [main] TRACE org.testng.internal.Graph - [Graph] ====== SORTED NODES
14:05:46.612 [main] TRACE org.testng.internal.Graph - [Graph] ====== END SORTED NODES
14:05:46.616 [main] TRACE org.testng.internal.Graph - [Graph] ADDING NODE BaseClass.tearDown()[pri:0, instance:null] -689247443
14:05:46.616 [main] TRACE org.testng.internal.Graph - [Graph] ================ SORTING
14:05:46.616 [main] TRACE org.testng.internal.Graph - [Graph] =============== DONE SORTING
14:05:46.616 [main] TRACE org.testng.internal.Graph - [Graph] ====== SORTED NODES
14:05:46.617 [main] TRACE org.testng.internal.Graph - [Graph] ====== END SORTED NODES
14:05:46.634 [main] TRACE org.testng.internal.Graph - [Graph] ADDING NODE BaseClass.setup(java.lang.String,java.lang.String)[pri:0, instance:null] 1285819254
14:05:46.634 [main] TRACE org.testng.internal.Graph - [Graph] ================ SORTING
14:05:46.635 [main] TRACE org.testng.internal.Graph - [Graph] =============== DONE SORTING
14:05:46.635 [main] TRACE org.testng.internal.Graph - [Graph] ====== SORTED NODES
14:05:46.635 [main] TRACE org.testng.internal.Graph - [Graph] ====== END SORTED NODES
14:05:46.638 [main] TRACE org.testng.internal.Graph - [Graph] ADDING NODE BaseClass.tearDown()[pri:0, instance:null] -689247443
14:05:46.638 [main] TRACE org.testng.internal.Graph - [Graph] ================ SORTING
14:05:46.639 [main] TRACE org.testng.internal.Graph - [Graph] =============== DONE SORTING
14:05:46.639 [main] TRACE org.testng.internal.Graph - [Graph] ====== SORTED NODES
14:05:46.639 [main] TRACE org.testng.internal.Graph - [Graph] ====== END SORTED NODES
14:05:46.656 [main] TRACE org.testng.internal.Graph - [Graph] ADDING NODE TC001_AccountRegistrationTest.verify_account_registration()[pri:0, instance:testCases.TC001_AccountRegistrationTest@1d2bd371] 490184899
14:05:46.656 [main] TRACE org.testng.internal.Graph - [Graph] ADDING NODE TC002_LoginTest.login()[pri:0, instance:testCases.TC002_LoginTest@3724af13] 546187593
14:05:46.656 [main] TRACE org.testng.internal.Graph - [Graph] ================ SORTING
14:05:46.666 [main] TRACE org.testng.internal.Graph - [Graph] =============== DONE SORTING
14:05:46.667 [main] TRACE org.testng.internal.Graph - [Graph] ====== SORTED NODES
14:05:46.668 [main] TRACE org.testng.internal.Graph - [Graph] ====== END SORTED NODES
14:05:46.688 [main] INFO  org.testng.internal.Utils - [TestNG] Running:
  F:\JavaPrograms\OpencartV1\master.xml

14:07:24.704 [main] DEBUG org.testng.TestNG - suiteXmlPath: "F:\JavaPrograms\OpencartV1\master.xml"
14:07:25.497 [main] TRACE org.testng.internal.Graph - [Graph] ADDING NODE BaseClass.setup(java.lang.String,java.lang.String)[pri:0, instance:null] 1285819254
14:07:25.498 [main] TRACE org.testng.internal.Graph - [Graph] ================ SORTING
14:07:25.505 [main] TRACE org.testng.internal.Graph - [Graph] =============== DONE SORTING
14:07:25.505 [main] TRACE org.testng.internal.Graph - [Graph] ====== SORTED NODES
14:07:25.506 [main] TRACE org.testng.internal.Graph - [Graph] ====== END SORTED NODES
14:07:25.508 [main] TRACE org.testng.internal.Graph - [Graph] ADDING NODE BaseClass.tearDown()[pri:0, instance:null] -689247443
14:07:25.508 [main] TRACE org.testng.internal.Graph - [Graph] ================ SORTING
14:07:25.509 [main] TRACE org.testng.internal.Graph - [Graph] =============== DONE SORTING
14:07:25.509 [main] TRACE org.testng.internal.Graph - [Graph] ====== SORTED NODES
14:07:25.509 [main] TRACE org.testng.internal.Graph - [Graph] ====== END SORTED NODES
14:07:25.524 [main] TRACE org.testng.internal.Graph - [Graph] ADDING NODE BaseClass.setup(java.lang.String,java.lang.String)[pri:0, instance:null] 1285819254
14:07:25.524 [main] TRACE org.testng.internal.Graph - [Graph] ================ SORTING
14:07:25.525 [main] TRACE org.testng.internal.Graph - [Graph] =============== DONE SORTING
14:07:25.525 [main] TRACE org.testng.internal.Graph - [Graph] ====== SORTED NODES
14:07:25.525 [main] TRACE org.testng.internal.Graph - [Graph] ====== END SORTED NODES
14:07:25.527 [main] TRACE org.testng.internal.Graph - [Graph] ADDING NODE BaseClass.tearDown()[pri:0, instance:null] -689247443
14:07:25.527 [main] TRACE org.testng.internal.Graph - [Graph] ================ SORTING
14:07:25.527 [main] TRACE org.testng.internal.Graph - [Graph] =============== DONE SORTING
14:07:25.528 [main] TRACE org.testng.internal.Graph - [Graph] ====== SORTED NODES
14:07:25.528 [main] TRACE org.testng.internal.Graph - [Graph] ====== END SORTED NODES
14:07:25.541 [main] TRACE org.testng.internal.Graph - [Graph] ADDING NODE TC001_AccountRegistrationTest.verify_account_registration()[pri:0, instance:testCases.TC001_AccountRegistrationTest@4c550889] 1281414619
14:07:25.541 [main] TRACE org.testng.internal.Graph - [Graph] ADDING NODE TC002_LoginTest.login()[pri:0, instance:testCases.TC002_LoginTest@26bab2f1] 270806311
14:07:25.541 [main] TRACE org.testng.internal.Graph - [Graph] ================ SORTING
14:07:25.548 [main] TRACE org.testng.internal.Graph - [Graph] =============== DONE SORTING
14:07:25.548 [main] TRACE org.testng.internal.Graph - [Graph] ====== SORTED NODES
14:07:25.548 [main] TRACE org.testng.internal.Graph - [Graph] ====== END SORTED NODES
14:07:25.567 [main] INFO  org.testng.internal.Utils - [TestNG] Running:
  F:\JavaPrograms\OpencartV1\master.xml

14:10:20.668 [main] TRACE org.testng.internal.Graph - [Graph] ADDING NODE TC001_AccountRegistrationTest.verify_account_registration()[pri:0, instance:testCases.TC001_AccountRegistrationTest@4c550889] 1281414619
14:10:20.672 [main] TRACE org.testng.internal.Graph - [Graph] ADDING NODE TC002_LoginTest.login()[pri:0, instance:testCases.TC002_LoginTest@26bab2f1] 270806311
14:10:20.672 [main] TRACE org.testng.internal.Graph - [Graph] ================ SORTING
14:10:20.674 [main] TRACE org.testng.internal.Graph - [Graph] =============== DONE SORTING
14:10:20.675 [main] TRACE org.testng.internal.Graph - [Graph] ====== SORTED NODES
14:10:20.676 [main] TRACE org.testng.internal.Graph - [Graph] ====== END SORTED NODES
14:12:21.191 [main] DEBUG org.testng.TestNG - suiteXmlPath: "F:\JavaPrograms\OpencartV1\master.xml"
14:12:21.720 [main] TRACE org.testng.internal.Graph - [Graph] ADDING NODE BaseClass.setup(java.lang.String,java.lang.String)[pri:0, instance:null] 1285819254
14:12:21.721 [main] TRACE org.testng.internal.Graph - [Graph] ================ SORTING
14:12:21.732 [main] TRACE org.testng.internal.Graph - [Graph] =============== DONE SORTING
14:12:21.732 [main] TRACE org.testng.internal.Graph - [Graph] ====== SORTED NODES
14:12:21.733 [main] TRACE org.testng.internal.Graph - [Graph] ====== END SORTED NODES
14:12:21.738 [main] TRACE org.testng.internal.Graph - [Graph] ADDING NODE BaseClass.tearDown()[pri:0, instance:null] -689247443
14:12:21.738 [main] TRACE org.testng.internal.Graph - [Graph] ================ SORTING
14:12:21.738 [main] TRACE org.testng.internal.Graph - [Graph] =============== DONE SORTING
14:12:21.739 [main] TRACE org.testng.internal.Graph - [Graph] ====== SORTED NODES
14:12:21.739 [main] TRACE org.testng.internal.Graph - [Graph] ====== END SORTED NODES
14:12:21.758 [main] TRACE org.testng.internal.Graph - [Graph] ADDING NODE BaseClass.setup(java.lang.String,java.lang.String)[pri:0, instance:null] 1285819254
14:12:24.136 [main] TRACE org.testng.internal.Graph - [Graph] ================ SORTING
14:12:24.136 [main] TRACE org.testng.internal.Graph - [Graph] =============== DONE SORTING
14:12:24.136 [main] TRACE org.testng.internal.Graph - [Graph] ====== SORTED NODES
14:12:24.136 [main] TRACE org.testng.internal.Graph - [Graph] ====== END SORTED NODES
14:12:24.139 [main] TRACE org.testng.internal.Graph - [Graph] ADDING NODE BaseClass.tearDown()[pri:0, instance:null] -689247443
14:12:24.140 [main] TRACE org.testng.internal.Graph - [Graph] ================ SORTING
14:12:24.141 [main] TRACE org.testng.internal.Graph - [Graph] =============== DONE SORTING
14:12:24.141 [main] TRACE org.testng.internal.Graph - [Graph] ====== SORTED NODES
14:12:24.141 [main] TRACE org.testng.internal.Graph - [Graph] ====== END SORTED NODES
14:12:24.161 [main] TRACE org.testng.internal.Graph - [Graph] ADDING NODE TC001_AccountRegistrationTest.verify_account_registration()[pri:0, instance:testCases.TC001_AccountRegistrationTest@222eb8aa] 574260732
14:12:24.162 [main] TRACE org.testng.internal.Graph - [Graph] ADDING NODE TC002_LoginTest.login()[pri:0, instance:testCases.TC002_LoginTest@46268f08] 797968702
14:12:24.162 [main] TRACE org.testng.internal.Graph - [Graph] ================ SORTING
14:12:24.173 [main] TRACE org.testng.internal.Graph - [Graph] =============== DONE SORTING
14:12:24.174 [main] TRACE org.testng.internal.Graph - [Graph] ====== SORTED NODES
14:12:24.174 [main] TRACE org.testng.internal.Graph - [Graph] ====== END SORTED NODES
14:13:37.825 [main] TRACE org.testng.internal.Graph - [Graph] ADDING NODE TC001_AccountRegistrationTest.verify_account_registration()[pri:0, instance:testCases.TC001_AccountRegistrationTest@222eb8aa] 574260732
14:13:37.827 [main] TRACE org.testng.internal.Graph - [Graph] ADDING NODE TC002_LoginTest.login()[pri:0, instance:testCases.TC002_LoginTest@46268f08] 797968702
14:13:37.827 [main] TRACE org.testng.internal.Graph - [Graph] ================ SORTING
14:13:37.828 [main] TRACE org.testng.internal.Graph - [Graph] =============== DONE SORTING
14:13:37.828 [main] TRACE org.testng.internal.Graph - [Graph] ====== SORTED NODES
14:13:37.828 [main] TRACE org.testng.internal.Graph - [Graph] ====== END SORTED NODES
14:20:00.347 [main] DEBUG org.testng.TestNG - suiteXmlPath: "F:\JavaPrograms\OpencartV1\docker-compose.yaml"
14:20:13.897 [main] DEBUG org.testng.TestNG - suiteXmlPath: "F:\JavaPrograms\OpencartV1\grid-docker.xml"
14:39:09.488 [main] DEBUG org.testng.TestNG - suiteXmlPath: "F:\JavaPrograms\OpencartV1\master.xml"
14:39:10.272 [main] TRACE org.testng.internal.Graph - [Graph] ADDING NODE BaseClass.setup(java.lang.String,java.lang.String)[pri:0, instance:null] 1285819254
14:39:10.273 [main] TRACE org.testng.internal.Graph - [Graph] ================ SORTING
14:39:10.282 [main] TRACE org.testng.internal.Graph - [Graph] =============== DONE SORTING
14:39:10.282 [main] TRACE org.testng.internal.Graph - [Graph] ====== SORTED NODES
14:39:10.283 [main] TRACE org.testng.internal.Graph - [Graph] ====== END SORTED NODES
14:39:10.286 [main] TRACE org.testng.internal.Graph - [Graph] ADDING NODE BaseClass.tearDown()[pri:0, instance:null] -689247443
14:39:10.287 [main] TRACE org.testng.internal.Graph - [Graph] ================ SORTING
14:39:10.287 [main] TRACE org.testng.internal.Graph - [Graph] =============== DONE SORTING
14:39:10.287 [main] TRACE org.testng.internal.Graph - [Graph] ====== SORTED NODES
14:39:10.287 [main] TRACE org.testng.internal.Graph - [Graph] ====== END SORTED NODES
14:39:10.300 [main] TRACE org.testng.internal.Graph - [Graph] ADDING NODE BaseClass.setup(java.lang.String,java.lang.String)[pri:0, instance:null] 1285819254
14:39:10.301 [main] TRACE org.testng.internal.Graph - [Graph] ================ SORTING
14:39:10.301 [main] TRACE org.testng.internal.Graph - [Graph] =============== DONE SORTING
14:39:10.301 [main] TRACE org.testng.internal.Graph - [Graph] ====== SORTED NODES
14:39:10.302 [main] TRACE org.testng.internal.Graph - [Graph] ====== END SORTED NODES
14:39:10.304 [main] TRACE org.testng.internal.Graph - [Graph] ADDING NODE BaseClass.tearDown()[pri:0, instance:null] -689247443
14:39:10.304 [main] TRACE org.testng.internal.Graph - [Graph] ================ SORTING
14:39:10.304 [main] TRACE org.testng.internal.Graph - [Graph] =============== DONE SORTING
14:39:10.304 [main] TRACE org.testng.internal.Graph - [Graph] ====== SORTED NODES
14:39:10.304 [main] TRACE org.testng.internal.Graph - [Graph] ====== END SORTED NODES
14:39:10.317 [main] TRACE org.testng.internal.Graph - [Graph] ADDING NODE TC001_AccountRegistrationTest.verify_account_registration()[pri:0, instance:testCases.TC001_AccountRegistrationTest@1d2bd371] 490184899
14:39:10.317 [main] TRACE org.testng.internal.Graph - [Graph] ADDING NODE TC002_LoginTest.login()[pri:0, instance:testCases.TC002_LoginTest@3724af13] 546187593
14:39:10.317 [main] TRACE org.testng.internal.Graph - [Graph] ================ SORTING
14:39:10.325 [main] TRACE org.testng.internal.Graph - [Graph] =============== DONE SORTING
14:39:10.325 [main] TRACE org.testng.internal.Graph - [Graph] ====== SORTED NODES
14:39:10.325 [main] TRACE org.testng.internal.Graph - [Graph] ====== END SORTED NODES
14:39:10.345 [main] INFO  org.testng.internal.Utils - [TestNG] Running:
  F:\JavaPrograms\OpencartV1\master.xml

14:42:11.536 [main] TRACE org.testng.internal.Graph - [Graph] ADDING NODE TC001_AccountRegistrationTest.verify_account_registration()[pri:0, instance:testCases.TC001_AccountRegistrationTest@1d2bd371] 490184899
14:42:11.540 [main] TRACE org.testng.internal.Graph - [Graph] ADDING NODE TC002_LoginTest.login()[pri:0, instance:testCases.TC002_LoginTest@3724af13] 546187593
14:42:11.541 [main] TRACE org.testng.internal.Graph - [Graph] ================ SORTING
14:42:11.543 [main] TRACE org.testng.internal.Graph - [Graph] =============== DONE SORTING
14:42:11.543 [main] TRACE org.testng.internal.Graph - [Graph] ====== SORTED NODES
14:42:11.544 [main] TRACE org.testng.internal.Graph - [Graph] ====== END SORTED NODES
14:54:07.649 [main] DEBUG org.testng.TestNG - suiteXmlPath: "F:\JavaPrograms\OpencartV1\grid-docker.xml"
14:54:08.303 [main] TRACE org.testng.internal.Graph - [Graph] ADDING NODE BaseClass.setup(java.lang.String,java.lang.String)[pri:0, instance:null] 1285819254
14:54:08.305 [main] TRACE org.testng.internal.Graph - [Graph] ================ SORTING
14:54:08.314 [main] TRACE org.testng.internal.Graph - [Graph] =============== DONE SORTING
14:54:08.314 [main] TRACE org.testng.internal.Graph - [Graph] ====== SORTED NODES
14:54:08.315 [main] TRACE org.testng.internal.Graph - [Graph] ====== END SORTED NODES
14:54:08.320 [main] TRACE org.testng.internal.Graph - [Graph] ADDING NODE BaseClass.tearDown()[pri:0, instance:null] -689247443
14:54:08.320 [main] TRACE org.testng.internal.Graph - [Graph] ================ SORTING
14:54:08.321 [main] TRACE org.testng.internal.Graph - [Graph] =============== DONE SORTING
14:54:08.321 [main] TRACE org.testng.internal.Graph - [Graph] ====== SORTED NODES
14:54:08.321 [main] TRACE org.testng.internal.Graph - [Graph] ====== END SORTED NODES
14:54:08.338 [main] TRACE org.testng.internal.Graph - [Graph] ADDING NODE BaseClass.setup(java.lang.String,java.lang.String)[pri:0, instance:null] 1285819254
14:54:08.338 [main] TRACE org.testng.internal.Graph - [Graph] ================ SORTING
14:54:08.338 [main] TRACE org.testng.internal.Graph - [Graph] =============== DONE SORTING
14:54:08.339 [main] TRACE org.testng.internal.Graph - [Graph] ====== SORTED NODES
14:54:08.339 [main] TRACE org.testng.internal.Graph - [Graph] ====== END SORTED NODES
14:54:08.341 [main] TRACE org.testng.internal.Graph - [Graph] ADDING NODE BaseClass.tearDown()[pri:0, instance:null] -689247443
14:54:08.342 [main] TRACE org.testng.internal.Graph - [Graph] ================ SORTING
14:54:08.342 [main] TRACE org.testng.internal.Graph - [Graph] =============== DONE SORTING
14:54:08.343 [main] TRACE org.testng.internal.Graph - [Graph] ====== SORTED NODES
14:54:08.343 [main] TRACE org.testng.internal.Graph - [Graph] ====== END SORTED NODES
14:54:08.358 [main] TRACE org.testng.internal.Graph - [Graph] ADDING NODE TC001_AccountRegistrationTest.verify_account_registration()[pri:0, instance:testCases.TC001_AccountRegistrationTest@1d2bd371] 490184899
14:54:08.359 [main] TRACE org.testng.internal.Graph - [Graph] ADDING NODE TC002_LoginTest.login()[pri:0, instance:testCases.TC002_LoginTest@3724af13] 546187593
14:54:08.359 [main] TRACE org.testng.internal.Graph - [Graph] ================ SORTING
14:54:08.367 [main] TRACE org.testng.internal.Graph - [Graph] =============== DONE SORTING
14:54:08.368 [main] TRACE org.testng.internal.Graph - [Graph] ====== SORTED NODES
14:54:08.368 [main] TRACE org.testng.internal.Graph - [Graph] ====== END SORTED NODES
14:54:08.445 [main] TRACE org.testng.internal.Graph - [Graph] ADDING NODE BaseClass.setup(java.lang.String,java.lang.String)[pri:0, instance:null] 1285819254
14:54:08.445 [main] TRACE org.testng.internal.Graph - [Graph] ================ SORTING
14:54:08.446 [main] TRACE org.testng.internal.Graph - [Graph] =============== DONE SORTING
14:54:08.446 [main] TRACE org.testng.internal.Graph - [Graph] ====== SORTED NODES
14:54:08.446 [main] TRACE org.testng.internal.Graph - [Graph] ====== END SORTED NODES
14:54:08.449 [main] TRACE org.testng.internal.Graph - [Graph] ADDING NODE BaseClass.tearDown()[pri:0, instance:null] -689247443
14:54:08.449 [main] TRACE org.testng.internal.Graph - [Graph] ================ SORTING
14:54:08.450 [main] TRACE org.testng.internal.Graph - [Graph] =============== DONE SORTING
14:54:08.450 [main] TRACE org.testng.internal.Graph - [Graph] ====== SORTED NODES
14:54:08.450 [main] TRACE org.testng.internal.Graph - [Graph] ====== END SORTED NODES
14:54:08.461 [main] TRACE org.testng.internal.Graph - [Graph] ADDING NODE BaseClass.setup(java.lang.String,java.lang.String)[pri:0, instance:null] 1285819254
14:54:08.461 [main] TRACE org.testng.internal.Graph - [Graph] ================ SORTING
14:54:08.462 [main] TRACE org.testng.internal.Graph - [Graph] =============== DONE SORTING
14:54:08.462 [main] TRACE org.testng.internal.Graph - [Graph] ====== SORTED NODES
14:54:08.462 [main] TRACE org.testng.internal.Graph - [Graph] ====== END SORTED NODES
14:54:08.465 [main] TRACE org.testng.internal.Graph - [Graph] ADDING NODE BaseClass.tearDown()[pri:0, instance:null] -689247443
14:54:08.466 [main] TRACE org.testng.internal.Graph - [Graph] ================ SORTING
14:54:08.466 [main] TRACE org.testng.internal.Graph - [Graph] =============== DONE SORTING
14:54:08.467 [main] TRACE org.testng.internal.Graph - [Graph] ====== SORTED NODES
14:54:08.467 [main] TRACE org.testng.internal.Graph - [Graph] ====== END SORTED NODES
14:54:08.478 [main] TRACE org.testng.internal.Graph - [Graph] ADDING NODE BaseClass.setup(java.lang.String,java.lang.String)[pri:0, instance:null] 1285819254
14:54:08.479 [main] TRACE org.testng.internal.Graph - [Graph] ================ SORTING
14:54:08.479 [main] TRACE org.testng.internal.Graph - [Graph] =============== DONE SORTING
14:54:08.480 [main] TRACE org.testng.internal.Graph - [Graph] ====== SORTED NODES
14:54:08.480 [main] TRACE org.testng.internal.Graph - [Graph] ====== END SORTED NODES
14:54:08.482 [main] TRACE org.testng.internal.Graph - [Graph] ADDING NODE BaseClass.tearDown()[pri:0, instance:null] -689247443
14:54:08.482 [main] TRACE org.testng.internal.Graph - [Graph] ================ SORTING
14:54:08.483 [main] TRACE org.testng.internal.Graph - [Graph] =============== DONE SORTING
14:54:08.483 [main] TRACE org.testng.internal.Graph - [Graph] ====== SORTED NODES
14:54:08.483 [main] TRACE org.testng.internal.Graph - [Graph] ====== END SORTED NODES
14:54:08.489 [main] TRACE org.testng.internal.Graph - [Graph] ADDING NODE TC001_AccountRegistrationTest.verify_account_registration()[pri:0, instance:testCases.TC001_AccountRegistrationTest@3c9bfddc] 1017629486
14:54:08.490 [main] TRACE org.testng.internal.Graph - [Graph] ADDING NODE TC002_LoginTest.login()[pri:0, instance:testCases.TC002_LoginTest@1a9c38eb] 67482401
14:54:08.490 [main] TRACE org.testng.internal.Graph - [Graph] ADDING NODE TC003_LoginDDT.verify_loginDDT(java.lang.String,java.lang.String,java.lang.String)[pri:0, instance:testCases.TC003_LoginDDT@319bc845] 513036116
14:54:08.490 [main] TRACE org.testng.internal.Graph - [Graph] ================ SORTING
14:54:08.491 [main] TRACE org.testng.internal.Graph - [Graph] =============== DONE SORTING
14:54:08.491 [main] TRACE org.testng.internal.Graph - [Graph] ====== SORTED NODES
14:54:08.492 [main] TRACE org.testng.internal.Graph - [Graph] ====== END SORTED NODES
14:54:08.498 [main] INFO  org.testng.internal.Utils - [TestNG] Running:
  F:\JavaPrograms\OpencartV1\grid-docker.xml

14:54:16.644 [main] INFO  testCases.TC001_AccountRegistrationTest - *****Starting TC001_AccountRegistrationTest.java  ******
14:54:17.368 [main] INFO  testCases.TC001_AccountRegistrationTest - *****Clicked on My Account  ******
14:54:20.266 [main] INFO  testCases.TC001_AccountRegistrationTest - *****Providing Customer Details ******
14:54:29.657 [main] INFO  testCases.TC002_LoginTest - *******Starting TC002_Login*******
14:54:37.563 [main] INFO  testCases.TC002_LoginTest - ********* TC002_LoginTest Completed*********
14:54:54.905 [main] INFO  testCases.TC001_AccountRegistrationTest - *****Starting TC001_AccountRegistrationTest.java  ******
14:54:55.547 [main] INFO  testCases.TC001_AccountRegistrationTest - *****Clicked on My Account  ******
14:54:57.099 [main] INFO  testCases.TC001_AccountRegistrationTest - *****Providing Customer Details ******
14:55:14.441 [main] DEBUG org.testng.TestNG - suiteXmlPath: "F:\JavaPrograms\OpencartV1\master.xml"
14:55:15.363 [main] TRACE org.testng.internal.Graph - [Graph] ADDING NODE BaseClass.setup(java.lang.String,java.lang.String)[pri:0, instance:null] 1285819254
14:55:15.365 [main] TRACE org.testng.internal.Graph - [Graph] ================ SORTING
14:55:15.378 [main] TRACE org.testng.internal.Graph - [Graph] =============== DONE SORTING
14:55:15.379 [main] TRACE org.testng.internal.Graph - [Graph] ====== SORTED NODES
14:55:15.379 [main] TRACE org.testng.internal.Graph - [Graph] ====== END SORTED NODES
14:55:15.384 [main] TRACE org.testng.internal.Graph - [Graph] ADDING NODE BaseClass.tearDown()[pri:0, instance:null] -689247443
14:55:15.388 [main] TRACE org.testng.internal.Graph - [Graph] ================ SORTING
14:55:15.391 [main] TRACE org.testng.internal.Graph - [Graph] =============== DONE SORTING
14:55:15.391 [main] TRACE org.testng.internal.Graph - [Graph] ====== SORTED NODES
14:55:15.391 [main] TRACE org.testng.internal.Graph - [Graph] ====== END SORTED NODES
14:55:15.426 [main] TRACE org.testng.internal.Graph - [Graph] ADDING NODE BaseClass.setup(java.lang.String,java.lang.String)[pri:0, instance:null] 1285819254
14:55:15.426 [main] TRACE org.testng.internal.Graph - [Graph] ================ SORTING
14:55:15.427 [main] TRACE org.testng.internal.Graph - [Graph] =============== DONE SORTING
14:55:15.427 [main] TRACE org.testng.internal.Graph - [Graph] ====== SORTED NODES
14:55:15.428 [main] TRACE org.testng.internal.Graph - [Graph] ====== END SORTED NODES
14:55:15.433 [main] TRACE org.testng.internal.Graph - [Graph] ADDING NODE BaseClass.tearDown()[pri:0, instance:null] -689247443
14:55:15.433 [main] TRACE org.testng.internal.Graph - [Graph] ================ SORTING
14:55:15.434 [main] TRACE org.testng.internal.Graph - [Graph] =============== DONE SORTING
14:55:15.435 [main] TRACE org.testng.internal.Graph - [Graph] ====== SORTED NODES
14:55:15.435 [main] TRACE org.testng.internal.Graph - [Graph] ====== END SORTED NODES
14:55:15.465 [main] TRACE org.testng.internal.Graph - [Graph] ADDING NODE TC001_AccountRegistrationTest.verify_account_registration()[pri:0, instance:testCases.TC001_AccountRegistrationTest@222eb8aa] 574260732
14:55:15.465 [main] TRACE org.testng.internal.Graph - [Graph] ADDING NODE TC002_LoginTest.login()[pri:0, instance:testCases.TC002_LoginTest@46268f08] 797968702
14:55:15.465 [main] TRACE org.testng.internal.Graph - [Graph] ================ SORTING
14:55:15.482 [main] TRACE org.testng.internal.Graph - [Graph] =============== DONE SORTING
14:55:15.482 [main] TRACE org.testng.internal.Graph - [Graph] ====== SORTED NODES
14:55:15.482 [main] TRACE org.testng.internal.Graph - [Graph] ====== END SORTED NODES
14:55:19.399 [main] INFO  testCases.TC002_LoginTest - *******Starting TC002_Login*******
14:55:22.073 [main] INFO  testCases.TC002_LoginTest - ********* TC002_LoginTest Completed*********
14:55:32.870 [main] DEBUG org.apache.poi.openxml4j.opc.PackageRelationshipCollection - Parsing relationship: /xl/_rels/workbook.xml.rels
14:55:32.876 [main] DEBUG org.apache.poi.openxml4j.opc.PackageRelationshipCollection - Parsing relationship: /xl/worksheets/_rels/sheet1.xml.rels
14:55:32.881 [main] DEBUG org.apache.poi.openxml4j.opc.PackageRelationshipCollection - Parsing relationship: /_rels/.rels
14:55:33.448 [main] TRACE org.apache.xmlbeans.impl.common.XBeanDebug - Loading type system org.apache.poi.schemas.ooxml.system.ooxml
14:55:33.454 [main] TRACE org.apache.xmlbeans.impl.common.XBeanDebug - Loading type system org.apache.xmlbeans.metadata.system.sXMLCONFIG
14:55:33.454 [main] TRACE org.apache.xmlbeans.impl.common.XBeanDebug - Loading type system org.apache.xmlbeans.metadata.system.sXMLLANG
14:55:33.455 [main] TRACE org.apache.xmlbeans.impl.common.XBeanDebug - Loading type system org.apache.xmlbeans.metadata.system.sXMLSCHEMA
14:55:33.456 [main] TRACE org.apache.xmlbeans.impl.common.XBeanDebug - Loading type system org.apache.xmlbeans.metadata.system.sXMLTOOLS
14:55:33.458 [main] TRACE org.apache.xmlbeans.impl.common.XBeanDebug - Reading unresolved handles for type system org.apache.xmlbeans.metadata.system.sXMLTOOLS
14:55:33.485 [main] TRACE org.apache.xmlbeans.impl.common.XBeanDebug - Finished loading type system org.apache.xmlbeans.metadata.system.sXMLTOOLS
14:55:33.486 [main] TRACE org.apache.xmlbeans.impl.common.XBeanDebug - Reading unresolved handles for type system org.apache.xmlbeans.metadata.system.sXMLSCHEMA
14:55:33.495 [main] TRACE org.apache.xmlbeans.impl.common.XBeanDebug - Finished loading type system org.apache.xmlbeans.metadata.system.sXMLSCHEMA
14:55:33.497 [main] TRACE org.apache.xmlbeans.impl.common.XBeanDebug - Reading unresolved handles for type system org.apache.xmlbeans.metadata.system.sXMLLANG
14:55:33.498 [main] TRACE org.apache.xmlbeans.impl.common.XBeanDebug - Finished loading type system org.apache.xmlbeans.metadata.system.sXMLLANG
14:55:33.500 [main] TRACE org.apache.xmlbeans.impl.common.XBeanDebug - Reading unresolved handles for type system org.apache.xmlbeans.metadata.system.sXMLCONFIG
14:55:33.501 [main] TRACE org.apache.xmlbeans.impl.common.XBeanDebug - Finished loading type system org.apache.xmlbeans.metadata.system.sXMLCONFIG
14:55:33.502 [main] TRACE org.apache.xmlbeans.impl.common.XBeanDebug - Reading unresolved handles for type system org.apache.poi.schemas.ooxml.system.ooxml
14:55:33.642 [main] TRACE org.apache.xmlbeans.impl.common.XBeanDebug - Finished loading type system org.apache.poi.schemas.ooxml.system.ooxml
14:55:33.644 [main] TRACE org.apache.xmlbeans.impl.common.XBeanDebug - Resolving type for handle themefd26doctype
14:55:33.750 [main] TRACE org.apache.xmlbeans.impl.common.XBeanDebug - Resolving type for handle stylesheet5d8bdoctype
14:55:35.561 [main] TRACE org.apache.xmlbeans.impl.common.XBeanDebug - Resolving type for handle ctstylesheet4257type
14:55:35.570 [main] TRACE org.apache.xmlbeans.impl.common.XBeanDebug - Resolving type for handle ctfonts6623type
14:55:35.577 [main] TRACE org.apache.xmlbeans.impl.common.XBeanDebug - Resolving type for handle ctfont14d8type
14:55:35.588 [main] TRACE org.apache.xmlbeans.impl.common.XBeanDebug - Resolving type for handle ctfills2c6ftype
14:55:35.596 [main] TRACE org.apache.xmlbeans.impl.common.XBeanDebug - Resolving type for handle ctfill550ctype
14:55:35.602 [main] TRACE org.apache.xmlbeans.impl.common.XBeanDebug - Resolving type for handle ctborders0d66type
14:55:35.608 [main] TRACE org.apache.xmlbeans.impl.common.XBeanDebug - Resolving type for handle ctborderf935type
14:55:35.613 [main] TRACE org.apache.xmlbeans.impl.common.XBeanDebug - Resolving type for handle ctcellxfs1322type
14:55:35.620 [main] TRACE org.apache.xmlbeans.impl.common.XBeanDebug - Resolving type for handle ctxf97f7type
14:55:35.626 [main] TRACE org.apache.xmlbeans.impl.common.XBeanDebug - Resolving type for handle ctcellstylexfsa81ftype
14:55:35.630 [main] TRACE org.apache.xmlbeans.impl.common.XBeanDebug - Resolving type for handle ctdxfsb26atype
14:55:35.635 [main] TRACE org.apache.xmlbeans.impl.common.XBeanDebug - Resolving type for handle cttablestyles872ftype
14:55:35.641 [main] TRACE org.apache.xmlbeans.impl.common.XBeanDebug - Resolving type for handle sstf81fdoctype
14:55:35.666 [main] TRACE org.apache.xmlbeans.impl.common.XBeanDebug - Resolving type for handle ctsst44f3type
14:55:35.683 [main] TRACE org.apache.xmlbeans.impl.common.XBeanDebug - Resolving type for handle ctrsta472type
14:55:35.721 [main] TRACE org.apache.xmlbeans.impl.common.XBeanDebug - Resolving type for handle workbookec17doctype
14:55:35.727 [main] TRACE org.apache.xmlbeans.impl.common.XBeanDebug - Resolving type for handle ctworkbook83c3type
14:55:35.737 [main] TRACE org.apache.xmlbeans.impl.common.XBeanDebug - Resolving type for handle ctsheets49fdtype
14:55:35.741 [main] TRACE org.apache.xmlbeans.impl.common.XBeanDebug - Resolving type for handle ctsheet4dbetype
14:55:35.745 [main] TRACE org.apache.xmlbeans.impl.common.XBeanDebug - Resolving type for handle strelationshipid1e94type
14:55:35.750 [main] TRACE org.apache.xmlbeans.impl.common.XBeanDebug - Resolving type for handle worksheetf539doctype
14:55:35.760 [main] TRACE org.apache.xmlbeans.impl.common.XBeanDebug - Resolving type for handle ctworksheet530dtype
14:55:35.775 [main] TRACE org.apache.xmlbeans.impl.common.XBeanDebug - Resolving type for handle ctsheetdata8408type
14:55:35.779 [main] TRACE org.apache.xmlbeans.impl.common.XBeanDebug - Resolving type for handle ctrowdd39type
14:55:35.788 [main] TRACE org.apache.xmlbeans.impl.common.XBeanDebug - Resolving type for handle ctcell842btype
14:55:35.799 [main] TRACE org.apache.xmlbeans.impl.common.XBeanDebug - Resolving type for handle stcellrefe4e0type
14:55:35.816 [main] TRACE org.apache.xmlbeans.impl.common.XBeanDebug - Resolving type for handle ctcols627ctype
14:55:35.823 [main] TRACE org.apache.xmlbeans.impl.common.XBeanDebug - Resolving type for handle ctcola95ftype
14:55:35.854 [main] TRACE org.apache.xmlbeans.impl.common.XBeanDebug - Resolving type for handle cthyperlinks6416type
14:55:35.858 [main] TRACE org.apache.xmlbeans.impl.common.XBeanDebug - Resolving type for handle cthyperlink0c85type
14:55:35.884 [main] TRACE org.apache.xmlbeans.impl.common.XBeanDebug - Resolving type for handle stxstringf179type
14:55:35.901 [main] DEBUG org.apache.poi.openxml4j.opc.PackageRelationshipCollection - Parsing relationship: /xl/_rels/workbook.xml.rels
14:55:35.903 [main] DEBUG org.apache.poi.openxml4j.opc.PackageRelationshipCollection - Parsing relationship: /xl/worksheets/_rels/sheet1.xml.rels
14:55:35.907 [main] DEBUG org.apache.poi.openxml4j.opc.PackageRelationshipCollection - Parsing relationship: /_rels/.rels
14:55:35.978 [main] DEBUG org.apache.poi.openxml4j.opc.PackageRelationshipCollection - Parsing relationship: /xl/_rels/workbook.xml.rels
14:55:35.983 [main] DEBUG org.apache.poi.openxml4j.opc.PackageRelationshipCollection - Parsing relationship: /xl/worksheets/_rels/sheet1.xml.rels
14:55:35.985 [main] DEBUG org.apache.poi.openxml4j.opc.PackageRelationshipCollection - Parsing relationship: /_rels/.rels
14:55:36.058 [main] TRACE org.apache.xmlbeans.impl.common.XBeanDebug - Resolving type for handle stcelltypebf95type
14:55:36.084 [main] DEBUG org.apache.poi.openxml4j.opc.PackageRelationshipCollection - Parsing relationship: /xl/_rels/workbook.xml.rels
14:55:36.088 [main] DEBUG org.apache.poi.openxml4j.opc.PackageRelationshipCollection - Parsing relationship: /xl/worksheets/_rels/sheet1.xml.rels
14:55:36.090 [main] DEBUG org.apache.poi.openxml4j.opc.PackageRelationshipCollection - Parsing relationship: /_rels/.rels
14:55:36.153 [main] DEBUG org.apache.poi.openxml4j.opc.PackageRelationshipCollection - Parsing relationship: /xl/_rels/workbook.xml.rels
14:55:36.155 [main] DEBUG org.apache.poi.openxml4j.opc.PackageRelationshipCollection - Parsing relationship: /xl/worksheets/_rels/sheet1.xml.rels
14:55:36.157 [main] DEBUG org.apache.poi.openxml4j.opc.PackageRelationshipCollection - Parsing relationship: /_rels/.rels
14:55:36.220 [main] DEBUG org.apache.poi.openxml4j.opc.PackageRelationshipCollection - Parsing relationship: /xl/_rels/workbook.xml.rels
14:55:36.222 [main] DEBUG org.apache.poi.openxml4j.opc.PackageRelationshipCollection - Parsing relationship: /xl/worksheets/_rels/sheet1.xml.rels
14:55:36.224 [main] DEBUG org.apache.poi.openxml4j.opc.PackageRelationshipCollection - Parsing relationship: /_rels/.rels
14:55:36.299 [main] DEBUG org.apache.poi.openxml4j.opc.PackageRelationshipCollection - Parsing relationship: /xl/_rels/workbook.xml.rels
14:55:36.300 [main] DEBUG org.apache.poi.openxml4j.opc.PackageRelationshipCollection - Parsing relationship: /xl/worksheets/_rels/sheet1.xml.rels
14:55:36.302 [main] DEBUG org.apache.poi.openxml4j.opc.PackageRelationshipCollection - Parsing relationship: /_rels/.rels
14:55:36.356 [main] DEBUG org.apache.poi.openxml4j.opc.PackageRelationshipCollection - Parsing relationship: /xl/_rels/workbook.xml.rels
14:55:36.359 [main] DEBUG org.apache.poi.openxml4j.opc.PackageRelationshipCollection - Parsing relationship: /xl/worksheets/_rels/sheet1.xml.rels
14:55:36.362 [main] DEBUG org.apache.poi.openxml4j.opc.PackageRelationshipCollection - Parsing relationship: /_rels/.rels
14:55:36.422 [main] DEBUG org.apache.poi.openxml4j.opc.PackageRelationshipCollection - Parsing relationship: /xl/_rels/workbook.xml.rels
14:55:36.424 [main] DEBUG org.apache.poi.openxml4j.opc.PackageRelationshipCollection - Parsing relationship: /xl/worksheets/_rels/sheet1.xml.rels
14:55:36.426 [main] DEBUG org.apache.poi.openxml4j.opc.PackageRelationshipCollection - Parsing relationship: /_rels/.rels
14:55:36.476 [main] DEBUG org.apache.poi.openxml4j.opc.PackageRelationshipCollection - Parsing relationship: /xl/_rels/workbook.xml.rels
14:55:36.477 [main] DEBUG org.apache.poi.openxml4j.opc.PackageRelationshipCollection - Parsing relationship: /xl/worksheets/_rels/sheet1.xml.rels
14:55:36.479 [main] DEBUG org.apache.poi.openxml4j.opc.PackageRelationshipCollection - Parsing relationship: /_rels/.rels
14:55:36.539 [main] DEBUG org.apache.poi.openxml4j.opc.PackageRelationshipCollection - Parsing relationship: /xl/_rels/workbook.xml.rels
14:55:36.541 [main] DEBUG org.apache.poi.openxml4j.opc.PackageRelationshipCollection - Parsing relationship: /xl/worksheets/_rels/sheet1.xml.rels
14:55:36.543 [main] DEBUG org.apache.poi.openxml4j.opc.PackageRelationshipCollection - Parsing relationship: /_rels/.rels
14:55:36.592 [main] DEBUG org.apache.poi.openxml4j.opc.PackageRelationshipCollection - Parsing relationship: /xl/_rels/workbook.xml.rels
14:55:36.594 [main] DEBUG org.apache.poi.openxml4j.opc.PackageRelationshipCollection - Parsing relationship: /xl/worksheets/_rels/sheet1.xml.rels
14:55:36.596 [main] DEBUG org.apache.poi.openxml4j.opc.PackageRelationshipCollection - Parsing relationship: /_rels/.rels
14:55:36.650 [main] DEBUG org.apache.poi.openxml4j.opc.PackageRelationshipCollection - Parsing relationship: /xl/_rels/workbook.xml.rels
14:55:36.652 [main] DEBUG org.apache.poi.openxml4j.opc.PackageRelationshipCollection - Parsing relationship: /xl/worksheets/_rels/sheet1.xml.rels
14:55:36.654 [main] DEBUG org.apache.poi.openxml4j.opc.PackageRelationshipCollection - Parsing relationship: /_rels/.rels
14:55:36.706 [main] DEBUG org.apache.poi.openxml4j.opc.PackageRelationshipCollection - Parsing relationship: /xl/_rels/workbook.xml.rels
14:55:36.708 [main] DEBUG org.apache.poi.openxml4j.opc.PackageRelationshipCollection - Parsing relationship: /xl/worksheets/_rels/sheet1.xml.rels
14:55:36.710 [main] DEBUG org.apache.poi.openxml4j.opc.PackageRelationshipCollection - Parsing relationship: /_rels/.rels
14:55:36.755 [main] DEBUG org.apache.poi.openxml4j.opc.PackageRelationshipCollection - Parsing relationship: /xl/_rels/workbook.xml.rels
14:55:36.757 [main] DEBUG org.apache.poi.openxml4j.opc.PackageRelationshipCollection - Parsing relationship: /xl/worksheets/_rels/sheet1.xml.rels
14:55:36.759 [main] DEBUG org.apache.poi.openxml4j.opc.PackageRelationshipCollection - Parsing relationship: /_rels/.rels
14:55:36.818 [main] DEBUG org.apache.poi.openxml4j.opc.PackageRelationshipCollection - Parsing relationship: /xl/_rels/workbook.xml.rels
14:55:36.820 [main] DEBUG org.apache.poi.openxml4j.opc.PackageRelationshipCollection - Parsing relationship: /xl/worksheets/_rels/sheet1.xml.rels
14:55:36.822 [main] DEBUG org.apache.poi.openxml4j.opc.PackageRelationshipCollection - Parsing relationship: /_rels/.rels
14:55:36.877 [main] DEBUG org.apache.poi.openxml4j.opc.PackageRelationshipCollection - Parsing relationship: /xl/_rels/workbook.xml.rels
14:55:36.879 [main] DEBUG org.apache.poi.openxml4j.opc.PackageRelationshipCollection - Parsing relationship: /xl/worksheets/_rels/sheet1.xml.rels
14:55:36.880 [main] DEBUG org.apache.poi.openxml4j.opc.PackageRelationshipCollection - Parsing relationship: /_rels/.rels
14:55:36.958 [main] DEBUG org.apache.poi.openxml4j.opc.PackageRelationshipCollection - Parsing relationship: /xl/_rels/workbook.xml.rels
14:55:36.959 [main] DEBUG org.apache.poi.openxml4j.opc.PackageRelationshipCollection - Parsing relationship: /xl/worksheets/_rels/sheet1.xml.rels
14:55:36.961 [main] DEBUG org.apache.poi.openxml4j.opc.PackageRelationshipCollection - Parsing relationship: /_rels/.rels
14:55:36.995 [main] DEBUG org.apache.poi.openxml4j.opc.PackageRelationshipCollection - Parsing relationship: /xl/_rels/workbook.xml.rels
14:55:36.997 [main] DEBUG org.apache.poi.openxml4j.opc.PackageRelationshipCollection - Parsing relationship: /xl/worksheets/_rels/sheet1.xml.rels
14:55:37.000 [main] DEBUG org.apache.poi.openxml4j.opc.PackageRelationshipCollection - Parsing relationship: /_rels/.rels
14:55:37.045 [main] DEBUG org.apache.poi.openxml4j.opc.PackageRelationshipCollection - Parsing relationship: /xl/_rels/workbook.xml.rels
14:55:37.047 [main] DEBUG org.apache.poi.openxml4j.opc.PackageRelationshipCollection - Parsing relationship: /xl/worksheets/_rels/sheet1.xml.rels
14:55:37.048 [main] DEBUG org.apache.poi.openxml4j.opc.PackageRelationshipCollection - Parsing relationship: /_rels/.rels
14:55:37.089 [main] INFO  testCases.TC003_LoginDDT - ******Starting TC003_LoginDDT Started***********
14:55:40.631 [main] INFO  testCases.TC003_LoginDDT - Finished************
14:55:40.638 [main] INFO  testCases.TC003_LoginDDT - ******Starting TC003_LoginDDT Started***********
14:55:43.312 [main] INFO  testCases.TC003_LoginDDT - Finished************
14:55:43.325 [main] INFO  testCases.TC003_LoginDDT - ******Starting TC003_LoginDDT Started***********
14:55:46.371 [main] INFO  testCases.TC003_LoginDDT - ******Starting TC003_LoginDDT Started***********
14:55:58.031 [main] INFO  testCases.TC003_LoginDDT - Finished************
14:55:58.043 [main] INFO  testCases.TC003_LoginDDT - ******Starting TC003_LoginDDT Started***********
14:56:00.862 [main] INFO  testCases.TC003_LoginDDT - Finished************
14:56:00.871 [main] INFO  testCases.TC003_LoginDDT - ******Starting TC003_LoginDDT Started***********
14:56:12.842 [main] INFO  testCases.TC003_LoginDDT - Finished************
14:56:17.338 [main] TRACE org.testng.internal.Graph - [Graph] ADDING NODE TC001_AccountRegistrationTest.verify_account_registration()[pri:0, instance:testCases.TC001_AccountRegistrationTest@3c9bfddc] 1017629486
14:56:17.338 [main] TRACE org.testng.internal.Graph - [Graph] ADDING NODE TC002_LoginTest.login()[pri:0, instance:testCases.TC002_LoginTest@1a9c38eb] 67482401
14:56:17.338 [main] TRACE org.testng.internal.Graph - [Graph] ADDING NODE TC003_LoginDDT.verify_loginDDT(java.lang.String,java.lang.String,java.lang.String)[pri:0, instance:testCases.TC003_LoginDDT@319bc845] 513036116
14:56:17.338 [main] TRACE org.testng.internal.Graph - [Graph] ================ SORTING
14:56:17.343 [main] TRACE org.testng.internal.Graph - [Graph] =============== DONE SORTING
14:56:17.347 [main] TRACE org.testng.internal.Graph - [Graph] ====== SORTED NODES
14:56:17.348 [main] TRACE org.testng.internal.Graph - [Graph] ====== END SORTED NODES
15:00:53.046 [main] DEBUG org.testng.TestNG - suiteXmlPath: "F:\JavaPrograms\OpencartV1\master.xml"
15:00:53.523 [main] TRACE org.testng.internal.Graph - [Graph] ADDING NODE BaseClass.setup(java.lang.String,java.lang.String)[pri:0, instance:null] 1285819254
15:00:53.524 [main] TRACE org.testng.internal.Graph - [Graph] ================ SORTING
15:00:53.536 [main] TRACE org.testng.internal.Graph - [Graph] =============== DONE SORTING
15:00:53.536 [main] TRACE org.testng.internal.Graph - [Graph] ====== SORTED NODES
15:00:53.536 [main] TRACE org.testng.internal.Graph - [Graph] ====== END SORTED NODES
15:00:53.540 [main] TRACE org.testng.internal.Graph - [Graph] ADDING NODE BaseClass.tearDown()[pri:0, instance:null] -689247443
15:00:53.540 [main] TRACE org.testng.internal.Graph - [Graph] ================ SORTING
15:00:53.541 [main] TRACE org.testng.internal.Graph - [Graph] =============== DONE SORTING
15:00:53.541 [main] TRACE org.testng.internal.Graph - [Graph] ====== SORTED NODES
15:00:53.541 [main] TRACE org.testng.internal.Graph - [Graph] ====== END SORTED NODES
15:00:53.559 [main] TRACE org.testng.internal.Graph - [Graph] ADDING NODE BaseClass.setup(java.lang.String,java.lang.String)[pri:0, instance:null] 1285819254
15:00:53.559 [main] TRACE org.testng.internal.Graph - [Graph] ================ SORTING
15:00:53.560 [main] TRACE org.testng.internal.Graph - [Graph] =============== DONE SORTING
15:00:53.560 [main] TRACE org.testng.internal.Graph - [Graph] ====== SORTED NODES
15:00:53.560 [main] TRACE org.testng.internal.Graph - [Graph] ====== END SORTED NODES
15:00:53.563 [main] TRACE org.testng.internal.Graph - [Graph] ADDING NODE BaseClass.tearDown()[pri:0, instance:null] -689247443
15:00:53.563 [main] TRACE org.testng.internal.Graph - [Graph] ================ SORTING
15:00:53.564 [main] TRACE org.testng.internal.Graph - [Graph] =============== DONE SORTING
15:00:53.564 [main] TRACE org.testng.internal.Graph - [Graph] ====== SORTED NODES
15:00:53.564 [main] TRACE org.testng.internal.Graph - [Graph] ====== END SORTED NODES
15:00:53.579 [main] TRACE org.testng.internal.Graph - [Graph] ADDING NODE TC001_AccountRegistrationTest.verify_account_registration()[pri:0, instance:testCases.TC001_AccountRegistrationTest@222eb8aa] 574260732
15:00:53.579 [main] TRACE org.testng.internal.Graph - [Graph] ADDING NODE TC002_LoginTest.login()[pri:0, instance:testCases.TC002_LoginTest@46268f08] 797968702
15:00:53.579 [main] TRACE org.testng.internal.Graph - [Graph] ================ SORTING
15:00:53.587 [main] TRACE org.testng.internal.Graph - [Graph] =============== DONE SORTING
15:00:53.587 [main] TRACE org.testng.internal.Graph - [Graph] ====== SORTED NODES
15:00:53.587 [main] TRACE org.testng.internal.Graph - [Graph] ====== END SORTED NODES
15:01:02.446 [main] INFO  testCases.TC001_AccountRegistrationTest - *****Starting TC001_AccountRegistrationTest.java  ******
15:01:02.735 [main] INFO  testCases.TC001_AccountRegistrationTest - *****Clicked on My Account  ******
15:01:03.484 [main] INFO  testCases.TC001_AccountRegistrationTest - *****Providing Customer Details ******
15:01:10.253 [main] INFO  testCases.TC002_LoginTest - *******Starting TC002_Login*******
15:01:12.563 [main] INFO  testCases.TC002_LoginTest - ********* TC002_LoginTest Completed*********
15:01:20.503 [main] TRACE org.testng.internal.Graph - [Graph] ADDING NODE TC001_AccountRegistrationTest.verify_account_registration()[pri:0, instance:testCases.TC001_AccountRegistrationTest@222eb8aa] 574260732
15:01:20.506 [main] TRACE org.testng.internal.Graph - [Graph] ADDING NODE TC002_LoginTest.login()[pri:0, instance:testCases.TC002_LoginTest@46268f08] 797968702
15:01:20.507 [main] TRACE org.testng.internal.Graph - [Graph] ================ SORTING
15:01:20.508 [main] TRACE org.testng.internal.Graph - [Graph] =============== DONE SORTING
15:01:20.508 [main] TRACE org.testng.internal.Graph - [Graph] ====== SORTED NODES
15:01:20.508 [main] TRACE org.testng.internal.Graph - [Graph] ====== END SORTED NODES
